[2022-12-16 19:14:16] [INFO   ] cannot read configuration file config.properties trying from resources.
[2022-12-16 19:14:16] [INFO   ] configuration file was loaded from resources directory.
[2022-12-16 19:14:17] [INFO   ] Thread dealer starting.
[2022-12-16 19:14:17] [INFO   ] Thread Thread-1starting.
[2022-12-16 19:14:17] [INFO   ] Thread Thread-0starting.
[2022-12-16 19:14:17] [SEVERE ] placing card 52 in slot 0
[2022-12-16 19:14:17] [SEVERE ] placing card 44 in slot 1
[2022-12-16 19:14:17] [SEVERE ] placing card 76 in slot 2
[2022-12-16 19:14:17] [SEVERE ] placing card 69 in slot 3
[2022-12-16 19:14:17] [SEVERE ] placing card 17 in slot 4
[2022-12-16 19:14:17] [SEVERE ] placing card 5 in slot 5
[2022-12-16 19:14:18] [SEVERE ] placing card 25 in slot 6
[2022-12-16 19:14:18] [SEVERE ] placing card 46 in slot 7
[2022-12-16 19:14:18] [SEVERE ] placing card 10 in slot 8
[2022-12-16 19:14:18] [SEVERE ] placing card 72 in slot 9
[2022-12-16 19:14:18] [SEVERE ] placing card 54 in slot 10
[2022-12-16 19:14:18] [SEVERE ] placing card 50 in slot 11
[2022-12-16 19:14:50] [SEVERE ] Key 83 was pressed by player 0
[2022-12-16 19:14:50] [SEVERE ] player 0 placing token on slot 5
[2022-12-16 19:14:51] [SEVERE ] Key 87 was pressed by player 0
[2022-12-16 19:14:51] [SEVERE ] player 0 placing token on slot 1
[2022-12-16 19:14:51] [SEVERE ] Key 69 was pressed by player 0
[2022-12-16 19:14:51] [SEVERE ] player 0 placing token on slot 2
[2022-12-16 19:14:51] [SEVERE ] setting player 0 freeze to 3000
[2022-12-16 19:15:41] [SEVERE ] Key 69 was pressed by player 0
[2022-12-16 19:15:41] [SEVERE ] removing player 0 token from slot 2
[2022-12-16 19:15:42] [SEVERE ] Key 82 was pressed by player 0
[2022-12-16 19:15:42] [SEVERE ] player 0 placing token on slot 3
[2022-12-16 19:15:42] [SEVERE ] setting player 0 freeze to 3000
[2022-12-16 19:15:43] [SEVERE ] Key 82 was pressed by player 0
[2022-12-16 19:15:44] [SEVERE ] Key 69 was pressed by player 0
[2022-12-16 19:15:44] [SEVERE ] Key 69 was pressed by player 0
[2022-12-16 19:15:45] [SEVERE ] removing player 0 token from slot 3
[2022-12-16 19:15:45] [SEVERE ] player 0 placing token on slot 2
[2022-12-16 19:15:45] [SEVERE ] removing player 0 token from slot 2
[2022-12-16 19:15:45] [SEVERE ] setting player 0 freeze to 3000
[2022-12-16 19:15:48] [SEVERE ] removing player 0 token from slot 2
