[2022-12-16 21:37:49] [INFO   ] cannot read configuration file config.properties trying from resources.
[2022-12-16 21:37:49] [INFO   ] configuration file was loaded from resources directory.
[2022-12-16 21:37:49] [INFO   ] Thread dealer starting.
[2022-12-16 21:37:49] [INFO   ] Thread Thread-0starting.
[2022-12-16 21:37:49] [INFO   ] Thread Thread-1starting.
[2022-12-16 21:37:49] [SEVERE ] placing card 4 in slot 0
[2022-12-16 21:37:49] [SEVERE ] placing card 20 in slot 1
[2022-12-16 21:37:49] [SEVERE ] placing card 25 in slot 2
[2022-12-16 21:37:50] [SEVERE ] placing card 50 in slot 3
[2022-12-16 21:37:50] [SEVERE ] placing card 73 in slot 4
[2022-12-16 21:37:50] [SEVERE ] placing card 29 in slot 5
[2022-12-16 21:37:50] [SEVERE ] placing card 22 in slot 6
[2022-12-16 21:37:50] [SEVERE ] placing card 61 in slot 7
[2022-12-16 21:37:50] [SEVERE ] placing card 36 in slot 8
[2022-12-16 21:37:50] [SEVERE ] placing card 34 in slot 9
[2022-12-16 21:37:50] [SEVERE ] placing card 74 in slot 10
[2022-12-16 21:37:50] [SEVERE ] placing card 42 in slot 11
[2022-12-16 21:38:32] [SEVERE ] Key 90 was pressed by player 0
[2022-12-16 21:38:32] [SEVERE ] player 0 placing token on slot 8
[2022-12-16 21:38:33] [SEVERE ] Key 88 was pressed by player 0
[2022-12-16 21:38:33] [SEVERE ] player 0 placing token on slot 9
[2022-12-16 21:38:34] [SEVERE ] Key 82 was pressed by player 0
[2022-12-16 21:38:34] [SEVERE ] player 0 placing token on slot 3
[2022-12-16 21:38:34] [SEVERE ] setting player 0 score to 1
[2022-12-16 21:38:34] [SEVERE ] setting player 0 freeze to 1000
[2022-12-16 21:38:35] [SEVERE ] removing player 0 token from slot 3
[2022-12-16 21:38:35] [SEVERE ] removing player 0 token from slot 8
[2022-12-16 21:38:35] [SEVERE ] removing player 0 token from slot 9
[2022-12-16 21:38:35] [SEVERE ] removing card from slot 3
[2022-12-16 21:38:35] [SEVERE ] removing card from slot 8
[2022-12-16 21:38:35] [SEVERE ] removing card from slot 9
[2022-12-16 21:38:35] [SEVERE ] placing card 44 in slot 3
[2022-12-16 21:38:35] [SEVERE ] placing card 2 in slot 8
[2022-12-16 21:38:36] [SEVERE ] placing card 40 in slot 9
