[2022-12-16 21:08:39] [INFO   ] cannot read configuration file config.properties trying from resources.
[2022-12-16 21:08:39] [INFO   ] configuration file was loaded from resources directory.
[2022-12-16 21:08:39] [INFO   ] Thread dealer starting.
[2022-12-16 21:08:39] [INFO   ] Thread Thread-1starting.
[2022-12-16 21:08:39] [INFO   ] Thread Thread-0starting.
[2022-12-16 21:08:39] [SEVERE ] placing card 22 in slot 0
[2022-12-16 21:08:39] [SEVERE ] placing card 35 in slot 1
[2022-12-16 21:08:39] [SEVERE ] placing card 53 in slot 2
[2022-12-16 21:08:39] [SEVERE ] placing card 11 in slot 3
[2022-12-16 21:08:40] [SEVERE ] placing card 45 in slot 4
[2022-12-16 21:08:40] [SEVERE ] placing card 58 in slot 5
[2022-12-16 21:08:40] [SEVERE ] placing card 62 in slot 6
[2022-12-16 21:08:40] [SEVERE ] placing card 41 in slot 7
[2022-12-16 21:08:40] [SEVERE ] placing card 6 in slot 8
[2022-12-16 21:08:40] [SEVERE ] placing card 43 in slot 9
[2022-12-16 21:08:40] [SEVERE ] placing card 79 in slot 10
[2022-12-16 21:08:40] [SEVERE ] placing card 42 in slot 11
[2022-12-16 21:08:41] [SEVERE ] Key 69 was pressed by player 0
[2022-12-16 21:08:41] [SEVERE ] player 0 placing token on slot 2
[2022-12-16 21:08:41] [SEVERE ] Key 82 was pressed by player 0
[2022-12-16 21:08:41] [SEVERE ] player 0 placing token on slot 3
[2022-12-16 21:08:42] [SEVERE ] Key 68 was pressed by player 0
[2022-12-16 21:08:42] [SEVERE ] player 0 placing token on slot 6
[2022-12-16 21:08:49] [SEVERE ] Exit button pressed
