[2022-12-16 18:49:25] [INFO   ] cannot read configuration file config.properties trying from resources.
[2022-12-16 18:49:25] [INFO   ] configuration file was loaded from resources directory.
[2022-12-16 18:49:25] [INFO   ] Thread dealer starting.
[2022-12-16 18:49:25] [INFO   ] Thread Thread-0starting.
[2022-12-16 18:49:25] [INFO   ] Thread Thread-1starting.
[2022-12-16 18:49:25] [SEVERE ] placing card 42 in slot 0
[2022-12-16 18:49:26] [SEVERE ] placing card 80 in slot 1
[2022-12-16 18:49:26] [SEVERE ] placing card 23 in slot 2
[2022-12-16 18:49:26] [SEVERE ] placing card 46 in slot 3
[2022-12-16 18:49:26] [SEVERE ] placing card 61 in slot 4
[2022-12-16 18:49:26] [SEVERE ] placing card 53 in slot 5
[2022-12-16 18:49:26] [SEVERE ] placing card 28 in slot 6
[2022-12-16 18:49:26] [SEVERE ] placing card 9 in slot 7
[2022-12-16 18:49:26] [SEVERE ] placing card 41 in slot 8
[2022-12-16 18:49:26] [SEVERE ] placing card 64 in slot 9
[2022-12-16 18:49:27] [SEVERE ] placing card 62 in slot 10
[2022-12-16 18:49:27] [SEVERE ] placing card 47 in slot 11
[2022-12-16 18:49:59] [SEVERE ] Key 90 was pressed by player 0
[2022-12-16 18:49:59] [SEVERE ] player 0 placing token on slot 8
[2022-12-16 18:49:59] [SEVERE ] Key 81 was pressed by player 0
[2022-12-16 18:49:59] [SEVERE ] player 0 placing token on slot 0
[2022-12-16 18:50:02] [SEVERE ] Key 90 was pressed by player 0
[2022-12-16 18:50:02] [SEVERE ] removing player 0 token from slot 8
[2022-12-16 18:50:03] [SEVERE ] Key 81 was pressed by player 0
[2022-12-16 18:50:03] [SEVERE ] removing player 0 token from slot 0
[2022-12-16 18:51:18] [SEVERE ] Key 87 was pressed by player 0
[2022-12-16 18:51:18] [SEVERE ] player 0 placing token on slot 1
[2022-12-16 18:51:18] [SEVERE ] Key 69 was pressed by player 0
[2022-12-16 18:51:18] [SEVERE ] player 0 placing token on slot 2
[2022-12-16 18:51:26] [SEVERE ] Key 86 was pressed by player 0
[2022-12-16 18:51:26] [SEVERE ] player 0 placing token on slot 11
[2022-12-16 18:51:26] [SEVERE ] setting player 0 freeze to 3000
[2022-12-16 18:51:48] [SEVERE ] Key 73 was pressed by player 1
[2022-12-16 18:51:48] [SEVERE ] player 1 placing token on slot 1
[2022-12-16 18:51:49] [SEVERE ] Key 73 was pressed by player 1
[2022-12-16 18:51:49] [SEVERE ] removing player 1 token from slot 1
[2022-12-16 18:52:11] [SEVERE ] Exit button pressed
