[2022-12-16 22:13:31] [INFO   ] cannot read configuration file config.properties trying from resources.
[2022-12-16 22:13:31] [INFO   ] configuration file was loaded from resources directory.
[2022-12-16 22:13:32] [INFO   ] Thread dealer starting.
[2022-12-16 22:13:32] [INFO   ] Thread Thread-0starting.
[2022-12-16 22:13:32] [INFO   ] Thread Thread-1starting.
[2022-12-16 22:13:32] [SEVERE ] placing card 45 in slot 0
[2022-12-16 22:13:32] [SEVERE ] placing card 59 in slot 1
[2022-12-16 22:13:32] [SEVERE ] placing card 65 in slot 2
[2022-12-16 22:13:32] [SEVERE ] placing card 32 in slot 3
[2022-12-16 22:13:32] [SEVERE ] placing card 66 in slot 4
[2022-12-16 22:13:33] [SEVERE ] placing card 39 in slot 5
[2022-12-16 22:13:33] [SEVERE ] placing card 56 in slot 6
[2022-12-16 22:13:33] [SEVERE ] placing card 25 in slot 7
[2022-12-16 22:13:33] [SEVERE ] placing card 5 in slot 8
[2022-12-16 22:13:33] [SEVERE ] placing card 21 in slot 9
[2022-12-16 22:13:33] [SEVERE ] placing card 52 in slot 10
[2022-12-16 22:13:33] [SEVERE ] placing card 44 in slot 11
[2022-12-16 22:16:13] [SEVERE ] Key 67 was pressed by player 0
[2022-12-16 22:16:13] [SEVERE ] player 0 placing token on slot 10
[2022-12-16 22:16:13] [SEVERE ] Key 68 was pressed by player 0
[2022-12-16 22:16:13] [SEVERE ] player 0 placing token on slot 6
[2022-12-16 22:16:14] [SEVERE ] Key 70 was pressed by player 0
[2022-12-16 22:16:14] [SEVERE ] player 0 placing token on slot 7
[2022-12-16 22:16:14] [SEVERE ] setting player 0 freeze to 3000
[2022-12-16 22:16:17] [SEVERE ] removing player 0 token from slot 6
[2022-12-16 22:16:17] [SEVERE ] removing player 0 token from slot 7
[2022-12-16 22:16:17] [SEVERE ] removing player 0 token from slot 10
