[2022-12-16 21:50:36] [INFO   ] cannot read configuration file config.properties trying from resources.
[2022-12-16 21:50:36] [INFO   ] configuration file was loaded from resources directory.
[2022-12-16 21:50:36] [INFO   ] Thread dealer starting.
[2022-12-16 21:50:36] [INFO   ] Thread Thread-0starting.
[2022-12-16 21:50:36] [INFO   ] Thread Thread-1starting.
[2022-12-16 21:50:36] [SEVERE ] placing card 36 in slot 0
[2022-12-16 21:50:37] [SEVERE ] placing card 51 in slot 1
[2022-12-16 21:50:37] [SEVERE ] placing card 75 in slot 2
[2022-12-16 21:50:37] [SEVERE ] placing card 77 in slot 3
[2022-12-16 21:50:37] [SEVERE ] placing card 54 in slot 4
[2022-12-16 21:50:37] [SEVERE ] placing card 58 in slot 5
[2022-12-16 21:50:37] [SEVERE ] placing card 76 in slot 6
[2022-12-16 21:50:37] [SEVERE ] placing card 8 in slot 7
[2022-12-16 21:50:37] [SEVERE ] placing card 41 in slot 8
[2022-12-16 21:50:37] [SEVERE ] placing card 42 in slot 9
[2022-12-16 21:50:37] [SEVERE ] placing card 19 in slot 10
[2022-12-16 21:50:38] [SEVERE ] placing card 78 in slot 11
[2022-12-16 21:50:52] [SEVERE ] Key 70 was pressed by player 0
[2022-12-16 21:50:52] [SEVERE ] player 0 placing token on slot 7
[2022-12-16 21:50:53] [SEVERE ] Key 87 was pressed by player 0
[2022-12-16 21:50:53] [SEVERE ] player 0 placing token on slot 1
[2022-12-16 21:50:54] [SEVERE ] Key 87 was pressed by player 0
[2022-12-16 21:50:54] [SEVERE ] removing player 0 token from slot 1
[2022-12-16 21:50:55] [SEVERE ] Key 81 was pressed by player 0
[2022-12-16 21:50:55] [SEVERE ] player 0 placing token on slot 0
[2022-12-16 21:50:58] [SEVERE ] Key 82 was pressed by player 0
[2022-12-16 21:50:58] [SEVERE ] player 0 placing token on slot 3
[2022-12-16 21:50:58] [SEVERE ] setting player 0 freeze to 3000
[2022-12-16 21:51:01] [SEVERE ] removing player 0 token from slot 0
[2022-12-16 21:51:01] [SEVERE ] removing player 0 token from slot 3
[2022-12-16 21:51:01] [SEVERE ] removing player 0 token from slot 7
[2022-12-16 21:51:04] [SEVERE ] Key 68 was pressed by player 0
[2022-12-16 21:51:04] [SEVERE ] player 0 placing token on slot 6
[2022-12-16 21:51:04] [SEVERE ] Key 69 was pressed by player 0
[2022-12-16 21:51:04] [SEVERE ] player 0 placing token on slot 2
[2022-12-16 21:51:04] [SEVERE ] Key 87 was pressed by player 0
[2022-12-16 21:51:04] [SEVERE ] player 0 placing token on slot 1
[2022-12-16 21:51:10] [SEVERE ] Exit button pressed
