[2022-12-16 18:53:16] [INFO   ] cannot read configuration file config.properties trying from resources.
[2022-12-16 18:53:16] [INFO   ] configuration file was loaded from resources directory.
[2022-12-16 18:53:16] [INFO   ] Thread dealer starting.
[2022-12-16 18:53:16] [INFO   ] Thread Thread-0starting.
[2022-12-16 18:53:16] [INFO   ] Thread Thread-1starting.
[2022-12-16 18:53:16] [SEVERE ] placing card 59 in slot 0
[2022-12-16 18:53:16] [SEVERE ] placing card 28 in slot 1
[2022-12-16 18:53:17] [SEVERE ] placing card 46 in slot 2
[2022-12-16 18:53:17] [SEVERE ] placing card 32 in slot 3
[2022-12-16 18:53:17] [SEVERE ] placing card 75 in slot 4
[2022-12-16 18:53:17] [SEVERE ] placing card 11 in slot 5
[2022-12-16 18:53:17] [SEVERE ] placing card 41 in slot 6
[2022-12-16 18:53:17] [SEVERE ] placing card 50 in slot 7
[2022-12-16 18:53:17] [SEVERE ] placing card 0 in slot 8
[2022-12-16 18:53:17] [SEVERE ] placing card 20 in slot 9
[2022-12-16 18:53:17] [SEVERE ] placing card 53 in slot 10
[2022-12-16 18:53:18] [SEVERE ] placing card 68 in slot 11
[2022-12-16 18:54:03] [SEVERE ] Key 67 was pressed by player 0
[2022-12-16 18:54:03] [SEVERE ] player 0 placing token on slot 10
[2022-12-16 18:54:04] [SEVERE ] Key 70 was pressed by player 0
[2022-12-16 18:54:04] [SEVERE ] player 0 placing token on slot 7
[2022-12-16 18:54:06] [SEVERE ] Key 67 was pressed by player 0
[2022-12-16 18:54:06] [SEVERE ] removing player 0 token from slot 10
[2022-12-16 18:54:08] [SEVERE ] Key 68 was pressed by player 0
[2022-12-16 18:54:08] [SEVERE ] player 0 placing token on slot 6
[2022-12-16 18:54:11] [SEVERE ] Key 82 was pressed by player 0
[2022-12-16 18:54:11] [SEVERE ] player 0 placing token on slot 3
[2022-12-16 18:54:11] [SEVERE ] setting player 0 freeze to 3000
[2022-12-16 18:54:22] [SEVERE ] Key 88 was pressed by player 0
[2022-12-16 18:54:22] [SEVERE ] player 0 placing token on slot 9
[2022-12-16 18:54:23] [SEVERE ] Key 88 was pressed by player 0
[2022-12-16 18:54:23] [SEVERE ] removing player 0 token from slot 9
[2022-12-16 18:54:26] [SEVERE ] Exit button pressed
