[2022-12-16 18:58:15] [INFO   ] cannot read configuration file config.properties trying from resources.
[2022-12-16 18:58:15] [INFO   ] configuration file was loaded from resources directory.
[2022-12-16 18:58:16] [INFO   ] Thread dealer starting.
[2022-12-16 18:58:16] [INFO   ] Thread Thread-0starting.
[2022-12-16 18:58:16] [INFO   ] Thread Thread-1starting.
[2022-12-16 18:58:16] [SEVERE ] placing card 49 in slot 0
[2022-12-16 18:58:16] [SEVERE ] placing card 24 in slot 1
[2022-12-16 18:58:16] [SEVERE ] placing card 42 in slot 2
[2022-12-16 18:58:16] [SEVERE ] placing card 44 in slot 3
[2022-12-16 18:58:16] [SEVERE ] placing card 43 in slot 4
[2022-12-16 18:58:17] [SEVERE ] placing card 51 in slot 5
[2022-12-16 18:58:17] [SEVERE ] placing card 29 in slot 6
[2022-12-16 18:58:17] [SEVERE ] placing card 23 in slot 7
[2022-12-16 18:58:17] [SEVERE ] placing card 65 in slot 8
[2022-12-16 18:58:17] [SEVERE ] placing card 38 in slot 9
[2022-12-16 18:58:17] [SEVERE ] placing card 64 in slot 10
[2022-12-16 18:58:17] [SEVERE ] placing card 33 in slot 11
[2022-12-16 18:58:56] [SEVERE ] Key 87 was pressed by player 0
[2022-12-16 18:58:56] [SEVERE ] player 0 placing token on slot 1
[2022-12-16 18:58:59] [SEVERE ] Key 86 was pressed by player 0
[2022-12-16 18:58:59] [SEVERE ] player 0 placing token on slot 11
[2022-12-16 18:59:02] [SEVERE ] Key 69 was pressed by player 0
[2022-12-16 18:59:02] [SEVERE ] player 0 placing token on slot 2
[2022-12-16 18:59:02] [SEVERE ] setting player 0 freeze to 3000
[2022-12-16 18:59:07] [SEVERE ] Exit button pressed
