[2022-12-16 18:42:56] [INFO   ] cannot read configuration file config.properties trying from resources.
[2022-12-16 18:42:56] [INFO   ] configuration file was loaded from resources directory.
[2022-12-16 18:42:56] [INFO   ] Thread dealer starting.
[2022-12-16 18:42:56] [INFO   ] Thread Thread-0starting.
[2022-12-16 18:42:56] [INFO   ] Thread Thread-1starting.
[2022-12-16 18:42:56] [SEVERE ] placing card 36 in slot 0
[2022-12-16 18:42:57] [SEVERE ] placing card 38 in slot 1
[2022-12-16 18:42:57] [SEVERE ] placing card 74 in slot 2
[2022-12-16 18:42:57] [SEVERE ] placing card 70 in slot 3
[2022-12-16 18:42:57] [SEVERE ] placing card 4 in slot 4
[2022-12-16 18:42:57] [SEVERE ] placing card 27 in slot 5
[2022-12-16 18:42:57] [SEVERE ] placing card 66 in slot 6
[2022-12-16 18:42:57] [SEVERE ] placing card 8 in slot 7
[2022-12-16 18:42:57] [SEVERE ] placing card 3 in slot 8
[2022-12-16 18:42:57] [SEVERE ] placing card 13 in slot 9
[2022-12-16 18:42:57] [SEVERE ] placing card 42 in slot 10
[2022-12-16 18:42:58] [SEVERE ] placing card 35 in slot 11
[2022-12-16 18:43:11] [SEVERE ] Key 83 was pressed by player 0
[2022-12-16 18:43:11] [SEVERE ] player 0 placing token on slot 5
[2022-12-16 18:43:13] [SEVERE ] Key 65 was pressed by player 0
[2022-12-16 18:43:13] [SEVERE ] player 0 placing token on slot 4
[2022-12-16 18:43:17] [SEVERE ] Key 83 was pressed by player 0
[2022-12-16 18:43:17] [SEVERE ] removing player 0 token from slot 5
[2022-12-16 18:43:18] [SEVERE ] Key 65 was pressed by player 0
[2022-12-16 18:43:18] [SEVERE ] removing player 0 token from slot 4
[2022-12-16 18:44:09] [SEVERE ] Key 83 was pressed by player 0
[2022-12-16 18:44:09] [SEVERE ] player 0 placing token on slot 5
[2022-12-16 18:44:15] [SEVERE ] Key 79 was pressed by player 1
[2022-12-16 18:44:15] [SEVERE ] player 1 placing token on slot 2
[2022-12-16 18:44:17] [SEVERE ] Key 69 was pressed by player 0
[2022-12-16 18:44:17] [SEVERE ] player 0 placing token on slot 2
[2022-12-16 18:44:18] [SEVERE ] Key 82 was pressed by player 0
[2022-12-16 18:44:18] [SEVERE ] player 0 placing token on slot 3
[2022-12-16 18:44:18] [SEVERE ] setting player 0 freeze to 3000
[2022-12-16 18:44:18] [INFO   ] Thread main terminated.
