[2022-12-16 19:46:25] [INFO   ] cannot read configuration file config.properties trying from resources.
[2022-12-16 19:46:25] [INFO   ] configuration file was loaded from resources directory.
[2022-12-16 19:46:26] [INFO   ] Thread dealer starting.
[2022-12-16 19:46:26] [INFO   ] Thread Thread-0starting.
[2022-12-16 19:46:26] [INFO   ] Thread Thread-1starting.
[2022-12-16 19:46:26] [SEVERE ] placing card 25 in slot 0
[2022-12-16 19:46:26] [SEVERE ] placing card 26 in slot 1
[2022-12-16 19:46:26] [SEVERE ] placing card 79 in slot 2
[2022-12-16 19:46:26] [SEVERE ] placing card 64 in slot 3
[2022-12-16 19:46:26] [SEVERE ] placing card 75 in slot 4
[2022-12-16 19:46:26] [SEVERE ] placing card 18 in slot 5
[2022-12-16 19:46:27] [SEVERE ] placing card 35 in slot 6
[2022-12-16 19:46:27] [SEVERE ] placing card 30 in slot 7
[2022-12-16 19:46:27] [SEVERE ] placing card 78 in slot 8
[2022-12-16 19:46:27] [SEVERE ] placing card 51 in slot 9
[2022-12-16 19:46:27] [SEVERE ] placing card 42 in slot 10
[2022-12-16 19:46:27] [SEVERE ] placing card 34 in slot 11
[2022-12-16 19:46:27] [SEVERE ] Key 87 was pressed by player 0
[2022-12-16 19:46:27] [SEVERE ] player 0 placing token on slot 1
[2022-12-16 19:46:28] [SEVERE ] Key 69 was pressed by player 0
[2022-12-16 19:46:28] [SEVERE ] player 0 placing token on slot 2
[2022-12-16 19:46:28] [SEVERE ] Key 82 was pressed by player 0
[2022-12-16 19:46:28] [SEVERE ] player 0 placing token on slot 3
[2022-12-16 19:46:28] [SEVERE ] setting player 0 freeze to 3000
[2022-12-16 19:46:31] [SEVERE ] Key 75 was pressed by player 1
[2022-12-16 19:46:31] [SEVERE ] player 1 placing token on slot 5
[2022-12-16 19:46:32] [SEVERE ] Key 74 was pressed by player 1
[2022-12-16 19:46:32] [SEVERE ] player 1 placing token on slot 4
[2022-12-16 19:46:33] [SEVERE ] Key 77 was pressed by player 1
[2022-12-16 19:46:33] [SEVERE ] player 1 placing token on slot 8
[2022-12-16 19:46:33] [SEVERE ] setting player 1 freeze to 3000
[2022-12-16 19:46:35] [SEVERE ] Key 76 was pressed by player 1
[2022-12-16 19:46:35] [SEVERE ] Key 70 was pressed by player 0
[2022-12-16 19:46:35] [SEVERE ] player 0 placing token on slot 7
[2022-12-16 19:46:36] [SEVERE ] Key 74 was pressed by player 1
[2022-12-16 19:46:36] [SEVERE ] Key 68 was pressed by player 0
[2022-12-16 19:46:36] [SEVERE ] player 0 placing token on slot 6
[2022-12-16 19:46:36] [SEVERE ] player 1 placing token on slot 6
[2022-12-16 19:46:36] [SEVERE ] removing player 1 token from slot 4
[2022-12-16 19:46:36] [SEVERE ] Key 75 was pressed by player 1
[2022-12-16 19:46:36] [SEVERE ] removing player 1 token from slot 5
[2022-12-16 19:46:36] [SEVERE ] Key 83 was pressed by player 0
[2022-12-16 19:46:36] [SEVERE ] player 0 placing token on slot 5
[2022-12-16 19:46:36] [SEVERE ] Key 70 was pressed by player 0
[2022-12-16 19:46:36] [SEVERE ] removing player 0 token from slot 7
[2022-12-16 19:46:37] [SEVERE ] Key 74 was pressed by player 1
[2022-12-16 19:46:37] [SEVERE ] player 1 placing token on slot 4
[2022-12-16 19:46:37] [SEVERE ] setting player 1 freeze to 3000
[2022-12-16 19:46:37] [SEVERE ] Key 75 was pressed by player 1
[2022-12-16 19:46:37] [SEVERE ] Key 83 was pressed by player 0
[2022-12-16 19:46:37] [SEVERE ] removing player 0 token from slot 5
[2022-12-16 19:46:37] [SEVERE ] Key 68 was pressed by player 0
[2022-12-16 19:46:37] [SEVERE ] removing player 0 token from slot 6
[2022-12-16 19:46:37] [SEVERE ] Key 76 was pressed by player 1
[2022-12-16 19:46:37] [SEVERE ] Key 70 was pressed by player 0
[2022-12-16 19:46:37] [SEVERE ] player 0 placing token on slot 7
[2022-12-16 19:46:37] [SEVERE ] Key 74 was pressed by player 1
[2022-12-16 19:46:37] [SEVERE ] Key 68 was pressed by player 0
[2022-12-16 19:46:37] [SEVERE ] player 0 placing token on slot 6
[2022-12-16 19:46:37] [SEVERE ] Key 83 was pressed by player 0
[2022-12-16 19:46:37] [SEVERE ] player 0 placing token on slot 5
[2022-12-16 19:46:37] [SEVERE ] Key 75 was pressed by player 1
[2022-12-16 19:46:37] [SEVERE ] Key 76 was pressed by player 1
[2022-12-16 19:46:37] [SEVERE ] Key 70 was pressed by player 0
[2022-12-16 19:46:37] [SEVERE ] removing player 0 token from slot 7
[2022-12-16 19:46:38] [SEVERE ] Key 74 was pressed by player 1
[2022-12-16 19:46:38] [SEVERE ] Key 68 was pressed by player 0
[2022-12-16 19:46:38] [SEVERE ] removing player 0 token from slot 6
[2022-12-16 19:46:38] [SEVERE ] Key 83 was pressed by player 0
[2022-12-16 19:46:38] [SEVERE ] removing player 0 token from slot 5
[2022-12-16 19:46:38] [SEVERE ] Key 75 was pressed by player 1
[2022-12-16 19:46:38] [SEVERE ] Key 76 was pressed by player 1
[2022-12-16 19:46:38] [SEVERE ] Key 70 was pressed by player 0
[2022-12-16 19:46:38] [SEVERE ] player 0 placing token on slot 7
[2022-12-16 19:46:38] [SEVERE ] Key 74 was pressed by player 1
[2022-12-16 19:46:38] [SEVERE ] Key 83 was pressed by player 0
[2022-12-16 19:46:38] [SEVERE ] player 0 placing token on slot 5
[2022-12-16 19:46:38] [SEVERE ] Key 75 was pressed by player 1
[2022-12-16 19:46:38] [SEVERE ] Key 70 was pressed by player 0
[2022-12-16 19:46:38] [SEVERE ] removing player 0 token from slot 7
[2022-12-16 19:46:38] [SEVERE ] Key 83 was pressed by player 0
[2022-12-16 19:46:38] [SEVERE ] removing player 0 token from slot 5
[2022-12-16 19:46:38] [SEVERE ] Key 74 was pressed by player 1
[2022-12-16 19:46:38] [SEVERE ] Key 70 was pressed by player 0
[2022-12-16 19:46:38] [SEVERE ] player 0 placing token on slot 7
[2022-12-16 19:46:38] [SEVERE ] Key 76 was pressed by player 1
[2022-12-16 19:46:38] [SEVERE ] Key 68 was pressed by player 0
[2022-12-16 19:46:38] [SEVERE ] player 0 placing token on slot 6
[2022-12-16 19:46:38] [SEVERE ] Key 83 was pressed by player 0
[2022-12-16 19:46:38] [SEVERE ] player 0 placing token on slot 5
[2022-12-16 19:46:39] [SEVERE ] Key 70 was pressed by player 0
[2022-12-16 19:46:39] [SEVERE ] removing player 0 token from slot 7
[2022-12-16 19:46:39] [SEVERE ] Key 75 was pressed by player 1
[2022-12-16 19:46:39] [SEVERE ] Key 74 was pressed by player 1
[2022-12-16 19:46:39] [SEVERE ] Key 68 was pressed by player 0
[2022-12-16 19:46:39] [SEVERE ] removing player 0 token from slot 6
[2022-12-16 19:46:39] [SEVERE ] Key 83 was pressed by player 0
[2022-12-16 19:46:39] [SEVERE ] removing player 0 token from slot 5
[2022-12-16 19:46:39] [SEVERE ] Key 76 was pressed by player 1
[2022-12-16 19:46:39] [SEVERE ] Key 70 was pressed by player 0
[2022-12-16 19:46:39] [SEVERE ] player 0 placing token on slot 7
[2022-12-16 19:46:39] [SEVERE ] Key 75 was pressed by player 1
[2022-12-16 19:46:39] [SEVERE ] Key 74 was pressed by player 1
[2022-12-16 19:46:39] [SEVERE ] Key 68 was pressed by player 0
[2022-12-16 19:46:39] [SEVERE ] player 0 placing token on slot 6
[2022-12-16 19:46:39] [SEVERE ] Key 83 was pressed by player 0
[2022-12-16 19:46:39] [SEVERE ] player 0 placing token on slot 5
[2022-12-16 19:46:39] [SEVERE ] Key 76 was pressed by player 1
[2022-12-16 19:46:39] [SEVERE ] Key 75 was pressed by player 1
[2022-12-16 19:46:39] [SEVERE ] Key 70 was pressed by player 0
[2022-12-16 19:46:39] [SEVERE ] removing player 0 token from slot 7
[2022-12-16 19:46:39] [SEVERE ] Key 74 was pressed by player 1
[2022-12-16 19:46:39] [SEVERE ] Key 68 was pressed by player 0
[2022-12-16 19:46:39] [SEVERE ] removing player 0 token from slot 6
[2022-12-16 19:46:39] [SEVERE ] Key 75 was pressed by player 1
[2022-12-16 19:46:39] [SEVERE ] Key 76 was pressed by player 1
[2022-12-16 19:46:40] [SEVERE ] player 1 placing token on slot 5
[2022-12-16 19:46:40] [SEVERE ] removing player 1 token from slot 6
[2022-12-16 19:46:40] [SEVERE ] removing player 1 token from slot 4
[2022-12-16 19:46:40] [SEVERE ] Key 75 was pressed by player 1
[2022-12-16 19:46:40] [SEVERE ] removing player 1 token from slot 5
[2022-12-16 19:46:40] [SEVERE ] Key 68 was pressed by player 0
[2022-12-16 19:46:40] [SEVERE ] player 0 placing token on slot 6
[2022-12-16 19:46:40] [SEVERE ] Key 83 was pressed by player 0
[2022-12-16 19:46:40] [SEVERE ] removing player 0 token from slot 5
[2022-12-16 19:46:41] [SEVERE ] Key 75 was pressed by player 1
[2022-12-16 19:46:41] [SEVERE ] player 1 placing token on slot 5
[2022-12-16 19:46:41] [SEVERE ] Key 68 was pressed by player 0
[2022-12-16 19:46:41] [SEVERE ] removing player 0 token from slot 6
[2022-12-16 19:46:41] [SEVERE ] Key 68 was pressed by player 0
[2022-12-16 19:46:41] [SEVERE ] player 0 placing token on slot 6
[2022-12-16 19:46:42] [SEVERE ] Key 83 was pressed by player 0
[2022-12-16 19:46:42] [SEVERE ] player 0 placing token on slot 5
[2022-12-16 19:46:43] [SEVERE ] Key 83 was pressed by player 0
[2022-12-16 19:46:43] [SEVERE ] removing player 0 token from slot 5
[2022-12-16 19:46:43] [SEVERE ] Key 68 was pressed by player 0
[2022-12-16 19:46:43] [SEVERE ] removing player 0 token from slot 6
[2022-12-16 19:46:44] [SEVERE ] Key 76 was pressed by player 1
[2022-12-16 19:46:44] [SEVERE ] player 1 placing token on slot 6
[2022-12-16 19:46:44] [SEVERE ] setting player 1 freeze to 3000
[2022-12-16 19:46:44] [SEVERE ] Key 75 was pressed by player 1
[2022-12-16 19:46:44] [SEVERE ] Key 75 was pressed by player 1
[2022-12-16 19:46:45] [SEVERE ] Key 76 was pressed by player 1
[2022-12-16 19:46:45] [SEVERE ] Key 76 was pressed by player 1
[2022-12-16 19:46:46] [SEVERE ] Key 75 was pressed by player 1
[2022-12-16 19:46:47] [SEVERE ] Key 75 was pressed by player 1
[2022-12-16 19:46:47] [SEVERE ] removing player 1 token from slot 5
[2022-12-16 19:46:47] [SEVERE ] player 1 placing token on slot 5
[2022-12-16 19:46:47] [SEVERE ] removing player 1 token from slot 6
[2022-12-16 19:46:47] [SEVERE ] setting player 1 freeze to 3000
[2022-12-16 19:46:47] [SEVERE ] Key 74 was pressed by player 1
[2022-12-16 19:46:48] [SEVERE ] Key 74 was pressed by player 1
[2022-12-16 19:46:50] [SEVERE ] player 1 placing token on slot 4
[2022-12-16 19:46:50] [SEVERE ] removing player 1 token from slot 4
[2022-12-16 19:46:51] [SEVERE ] Exit button pressed
