[2022-12-16 20:36:06] [INFO   ] cannot read configuration file config.properties trying from resources.
[2022-12-16 20:36:06] [INFO   ] configuration file was loaded from resources directory.
[2022-12-16 20:36:07] [INFO   ] Thread dealer starting.
[2022-12-16 20:36:07] [INFO   ] Thread Thread-1starting.
[2022-12-16 20:36:07] [INFO   ] Thread Thread-0starting.
[2022-12-16 20:36:07] [SEVERE ] placing card 64 in slot 0
[2022-12-16 20:36:07] [SEVERE ] placing card 28 in slot 1
[2022-12-16 20:36:07] [SEVERE ] placing card 78 in slot 2
[2022-12-16 20:36:07] [SEVERE ] placing card 9 in slot 3
[2022-12-16 20:36:07] [SEVERE ] placing card 73 in slot 4
[2022-12-16 20:36:07] [SEVERE ] placing card 1 in slot 5
[2022-12-16 20:36:08] [SEVERE ] placing card 23 in slot 6
[2022-12-16 20:36:08] [SEVERE ] placing card 17 in slot 7
[2022-12-16 20:36:08] [SEVERE ] placing card 29 in slot 8
[2022-12-16 20:36:08] [SEVERE ] placing card 2 in slot 9
[2022-12-16 20:36:08] [SEVERE ] placing card 54 in slot 10
[2022-12-16 20:36:08] [SEVERE ] placing card 21 in slot 11
[2022-12-16 20:36:09] [SEVERE ] Key 69 was pressed by player 0
[2022-12-16 20:36:09] [SEVERE ] player 0 placing token on slot 2
[2022-12-16 20:36:10] [SEVERE ] Key 82 was pressed by player 0
[2022-12-16 20:36:10] [SEVERE ] player 0 placing token on slot 3
