[2022-12-16 21:34:22] [INFO   ] cannot read configuration file config.properties trying from resources.
[2022-12-16 21:34:22] [INFO   ] configuration file was loaded from resources directory.
[2022-12-16 21:34:23] [INFO   ] Thread dealer starting.
[2022-12-16 21:34:23] [INFO   ] Thread Thread-0starting.
[2022-12-16 21:34:23] [INFO   ] Thread Thread-1starting.
[2022-12-16 21:34:23] [SEVERE ] placing card 11 in slot 0
[2022-12-16 21:34:23] [SEVERE ] placing card 20 in slot 1
[2022-12-16 21:34:23] [SEVERE ] placing card 26 in slot 2
[2022-12-16 21:34:23] [SEVERE ] placing card 71 in slot 3
[2022-12-16 21:34:23] [SEVERE ] placing card 35 in slot 4
[2022-12-16 21:34:23] [SEVERE ] placing card 55 in slot 5
[2022-12-16 21:34:23] [SEVERE ] placing card 2 in slot 6
[2022-12-16 21:34:23] [SEVERE ] placing card 38 in slot 7
[2022-12-16 21:34:24] [SEVERE ] placing card 3 in slot 8
[2022-12-16 21:34:24] [SEVERE ] placing card 65 in slot 9
[2022-12-16 21:34:24] [SEVERE ] placing card 12 in slot 10
[2022-12-16 21:34:24] [SEVERE ] placing card 24 in slot 11
[2022-12-16 21:34:53] [SEVERE ] Key 90 was pressed by player 0
[2022-12-16 21:34:53] [SEVERE ] player 0 placing token on slot 8
[2022-12-16 21:34:53] [SEVERE ] Key 65 was pressed by player 0
[2022-12-16 21:34:53] [SEVERE ] player 0 placing token on slot 4
[2022-12-16 21:34:54] [SEVERE ] Key 83 was pressed by player 0
[2022-12-16 21:34:54] [SEVERE ] player 0 placing token on slot 5
[2022-12-16 21:34:54] [SEVERE ] setting player 0 score to 1
[2022-12-16 21:34:54] [SEVERE ] setting player 0 freeze to 1000
[2022-12-16 21:34:55] [SEVERE ] removing player 0 token from slot 4
[2022-12-16 21:34:55] [SEVERE ] removing player 0 token from slot 5
[2022-12-16 21:34:55] [SEVERE ] removing player 0 token from slot 8
[2022-12-16 21:34:55] [SEVERE ] removing card from slot 4
[2022-12-16 21:34:55] [SEVERE ] removing card from slot 5
[2022-12-16 21:34:55] [SEVERE ] removing card from slot 8
