[2022-12-16 21:11:08] [INFO   ] cannot read configuration file config.properties trying from resources.
[2022-12-16 21:11:08] [INFO   ] configuration file was loaded from resources directory.
[2022-12-16 21:11:08] [INFO   ] Thread dealer starting.
[2022-12-16 21:11:08] [INFO   ] Thread Thread-0starting.
[2022-12-16 21:11:08] [INFO   ] Thread Thread-1starting.
[2022-12-16 21:11:08] [SEVERE ] placing card 4 in slot 0
[2022-12-16 21:11:09] [SEVERE ] placing card 10 in slot 1
[2022-12-16 21:11:09] [SEVERE ] placing card 55 in slot 2
[2022-12-16 21:11:09] [SEVERE ] placing card 30 in slot 3
[2022-12-16 21:11:09] [SEVERE ] placing card 37 in slot 4
[2022-12-16 21:11:09] [SEVERE ] placing card 6 in slot 5
[2022-12-16 21:11:09] [SEVERE ] placing card 61 in slot 6
[2022-12-16 21:11:09] [SEVERE ] placing card 65 in slot 7
[2022-12-16 21:11:09] [SEVERE ] placing card 27 in slot 8
[2022-12-16 21:11:09] [SEVERE ] placing card 42 in slot 9
[2022-12-16 21:11:09] [SEVERE ] placing card 26 in slot 10
[2022-12-16 21:11:10] [SEVERE ] placing card 78 in slot 11
[2022-12-16 21:11:10] [SEVERE ] Key 69 was pressed by player 0
[2022-12-16 21:11:10] [SEVERE ] player 0 placing token on slot 2
[2022-12-16 21:11:11] [SEVERE ] Key 68 was pressed by player 0
[2022-12-16 21:11:11] [SEVERE ] player 0 placing token on slot 6
[2022-12-16 21:11:13] [SEVERE ] Key 87 was pressed by player 0
[2022-12-16 21:11:13] [SEVERE ] player 0 placing token on slot 1
[2022-12-16 21:11:13] [SEVERE ] setting player 0 freeze to 3000
[2022-12-16 21:11:16] [SEVERE ] removing player 0 token from slot 1
[2022-12-16 21:11:16] [SEVERE ] removing player 0 token from slot 2
[2022-12-16 21:11:16] [SEVERE ] removing player 0 token from slot 6
[2022-12-16 21:11:21] [SEVERE ] Key 83 was pressed by player 0
[2022-12-16 21:11:21] [SEVERE ] player 0 placing token on slot 5
[2022-12-16 21:11:21] [SEVERE ] Key 70 was pressed by player 0
[2022-12-16 21:11:21] [SEVERE ] player 0 placing token on slot 7
[2022-12-16 21:11:21] [SEVERE ] Key 69 was pressed by player 0
[2022-12-16 21:11:21] [SEVERE ] removing player 0 token from slot 2
[2022-12-16 21:11:22] [SEVERE ] Key 70 was pressed by player 0
[2022-12-16 21:11:22] [SEVERE ] removing player 0 token from slot 7
[2022-12-16 21:11:24] [SEVERE ] Key 69 was pressed by player 0
[2022-12-16 21:11:24] [SEVERE ] player 0 placing token on slot 2
[2022-12-16 21:11:24] [SEVERE ] Key 87 was pressed by player 0
[2022-12-16 21:11:24] [SEVERE ] removing player 0 token from slot 1
[2022-12-16 21:11:25] [SEVERE ] Key 81 was pressed by player 0
[2022-12-16 21:11:25] [SEVERE ] player 0 placing token on slot 0
[2022-12-16 21:11:38] [SEVERE ] Key 87 was pressed by player 0
[2022-12-16 21:11:38] [SEVERE ] player 0 placing token on slot 1
[2022-12-16 21:11:42] [SEVERE ] Key 68 was pressed by player 0
[2022-12-16 21:11:42] [SEVERE ] removing player 0 token from slot 6
[2022-12-16 21:11:46] [SEVERE ] Key 87 was pressed by player 0
[2022-12-16 21:11:46] [SEVERE ] removing player 0 token from slot 1
[2022-12-16 21:11:48] [SEVERE ] Key 68 was pressed by player 0
[2022-12-16 21:11:48] [SEVERE ] player 0 placing token on slot 6
[2022-12-16 21:11:48] [SEVERE ] Key 87 was pressed by player 0
[2022-12-16 21:11:48] [SEVERE ] player 0 placing token on slot 1
[2022-12-16 21:11:49] [SEVERE ] Key 70 was pressed by player 0
[2022-12-16 21:11:49] [SEVERE ] player 0 placing token on slot 7
[2022-12-16 21:11:55] [SEVERE ] Exit button pressed
