[2022-12-16 20:55:22] [INFO   ] cannot read configuration file config.properties trying from resources.
[2022-12-16 20:55:22] [INFO   ] configuration file was loaded from resources directory.
[2022-12-16 20:55:23] [INFO   ] Thread dealer starting.
[2022-12-16 20:55:23] [INFO   ] Thread Thread-1starting.
[2022-12-16 20:55:23] [INFO   ] Thread Thread-0starting.
[2022-12-16 20:55:23] [SEVERE ] placing card 68 in slot 0
[2022-12-16 20:55:23] [SEVERE ] placing card 33 in slot 1
[2022-12-16 20:55:23] [SEVERE ] placing card 11 in slot 2
[2022-12-16 20:55:23] [SEVERE ] placing card 60 in slot 3
[2022-12-16 20:55:23] [SEVERE ] placing card 10 in slot 4
[2022-12-16 20:55:24] [SEVERE ] placing card 74 in slot 5
[2022-12-16 20:55:24] [SEVERE ] placing card 37 in slot 6
[2022-12-16 20:55:24] [SEVERE ] placing card 24 in slot 7
[2022-12-16 20:55:24] [SEVERE ] placing card 1 in slot 8
[2022-12-16 20:55:24] [SEVERE ] placing card 35 in slot 9
[2022-12-16 20:55:24] [SEVERE ] placing card 69 in slot 10
[2022-12-16 20:55:24] [SEVERE ] placing card 71 in slot 11
[2022-12-16 20:55:38] [SEVERE ] Key 69 was pressed by player 0
[2022-12-16 20:55:38] [SEVERE ] player 0 placing token on slot 2
[2022-12-16 20:55:40] [SEVERE ] Key 82 was pressed by player 0
[2022-12-16 20:55:40] [SEVERE ] player 0 placing token on slot 3
[2022-12-16 20:55:42] [SEVERE ] Key 68 was pressed by player 0
[2022-12-16 20:55:42] [SEVERE ] player 0 placing token on slot 6
[2022-12-16 20:55:42] [SEVERE ] setting player 0 freeze to 3000
[2022-12-16 20:55:44] [SEVERE ] Key 83 was pressed by player 0
[2022-12-16 20:55:44] [SEVERE ] Key 69 was pressed by player 0
[2022-12-16 20:55:45] [SEVERE ] player 0 placing token on slot 5
[2022-12-16 20:55:45] [SEVERE ] removing player 0 token from slot 2
