[2022-12-16 19:32:15] [INFO   ] cannot read configuration file config.properties trying from resources.
[2022-12-16 19:32:15] [INFO   ] configuration file was loaded from resources directory.
[2022-12-16 19:32:16] [INFO   ] Thread dealer starting.
[2022-12-16 19:32:16] [INFO   ] Thread Thread-0starting.
[2022-12-16 19:32:16] [INFO   ] Thread Thread-1starting.
[2022-12-16 19:32:16] [SEVERE ] placing card 31 in slot 0
[2022-12-16 19:32:16] [SEVERE ] placing card 11 in slot 1
[2022-12-16 19:32:16] [SEVERE ] placing card 60 in slot 2
[2022-12-16 19:32:16] [SEVERE ] placing card 80 in slot 3
[2022-12-16 19:32:16] [SEVERE ] placing card 10 in slot 4
[2022-12-16 19:32:16] [SEVERE ] placing card 68 in slot 5
[2022-12-16 19:32:17] [SEVERE ] placing card 50 in slot 6
[2022-12-16 19:32:17] [SEVERE ] placing card 58 in slot 7
[2022-12-16 19:32:17] [SEVERE ] placing card 1 in slot 8
[2022-12-16 19:32:17] [SEVERE ] placing card 69 in slot 9
[2022-12-16 19:32:17] [SEVERE ] placing card 56 in slot 10
[2022-12-16 19:32:17] [SEVERE ] placing card 46 in slot 11
[2022-12-16 19:32:18] [SEVERE ] Key 87 was pressed by player 0
[2022-12-16 19:32:18] [SEVERE ] player 0 placing token on slot 1
[2022-12-16 19:32:19] [SEVERE ] Key 69 was pressed by player 0
[2022-12-16 19:32:19] [SEVERE ] player 0 placing token on slot 2
[2022-12-16 19:32:20] [SEVERE ] Key 86 was pressed by player 0
[2022-12-16 19:32:20] [SEVERE ] player 0 placing token on slot 11
[2022-12-16 19:32:20] [SEVERE ] setting player 0 freeze to 3000
