[2022-12-16 19:58:54] [INFO   ] cannot read configuration file config.properties trying from resources.
[2022-12-16 19:58:54] [INFO   ] configuration file was loaded from resources directory.
[2022-12-16 19:58:55] [INFO   ] Thread dealer starting.
[2022-12-16 19:58:55] [INFO   ] Thread Thread-1starting.
[2022-12-16 19:58:55] [INFO   ] Thread Thread-0starting.
[2022-12-16 19:58:55] [SEVERE ] placing card 36 in slot 0
[2022-12-16 19:58:55] [SEVERE ] placing card 70 in slot 1
[2022-12-16 19:58:55] [SEVERE ] placing card 56 in slot 2
[2022-12-16 19:58:56] [SEVERE ] placing card 63 in slot 3
[2022-12-16 19:58:56] [SEVERE ] placing card 51 in slot 4
[2022-12-16 19:58:56] [SEVERE ] placing card 22 in slot 5
[2022-12-16 19:58:56] [SEVERE ] placing card 60 in slot 6
[2022-12-16 19:58:56] [SEVERE ] placing card 20 in slot 7
[2022-12-16 19:58:56] [SEVERE ] placing card 1 in slot 8
[2022-12-16 19:58:56] [SEVERE ] placing card 43 in slot 9
[2022-12-16 19:58:56] [SEVERE ] placing card 67 in slot 10
[2022-12-16 19:58:56] [SEVERE ] placing card 80 in slot 11
[2022-12-16 19:58:58] [SEVERE ] Key 69 was pressed by player 0
[2022-12-16 19:58:58] [SEVERE ] player 0 placing token on slot 2
[2022-12-16 19:58:58] [SEVERE ] Key 82 was pressed by player 0
[2022-12-16 19:58:58] [SEVERE ] player 0 placing token on slot 3
[2022-12-16 19:59:04] [SEVERE ] Key 83 was pressed by player 0
[2022-12-16 19:59:04] [SEVERE ] player 0 placing token on slot 5
[2022-12-16 19:59:04] [SEVERE ] setting player 0 freeze to 3000
