[2022-12-16 20:40:48] [INFO   ] cannot read configuration file config.properties trying from resources.
[2022-12-16 20:40:48] [INFO   ] configuration file was loaded from resources directory.
[2022-12-16 20:40:49] [INFO   ] Thread dealer starting.
[2022-12-16 20:40:49] [INFO   ] Thread Thread-0starting.
[2022-12-16 20:40:49] [INFO   ] Thread Thread-1starting.
[2022-12-16 20:40:49] [SEVERE ] placing card 6 in slot 0
[2022-12-16 20:40:49] [SEVERE ] placing card 0 in slot 1
[2022-12-16 20:40:49] [SEVERE ] placing card 52 in slot 2
[2022-12-16 20:40:49] [SEVERE ] placing card 21 in slot 3
[2022-12-16 20:40:50] [SEVERE ] placing card 50 in slot 4
[2022-12-16 20:40:50] [SEVERE ] placing card 29 in slot 5
[2022-12-16 20:40:50] [SEVERE ] placing card 79 in slot 6
[2022-12-16 20:40:50] [SEVERE ] placing card 54 in slot 7
[2022-12-16 20:40:50] [SEVERE ] placing card 76 in slot 8
[2022-12-16 20:40:50] [SEVERE ] placing card 71 in slot 9
[2022-12-16 20:40:50] [SEVERE ] placing card 5 in slot 10
[2022-12-16 20:40:50] [SEVERE ] placing card 44 in slot 11
[2022-12-16 20:41:01] [SEVERE ] Key 69 was pressed by player 0
[2022-12-16 20:41:01] [SEVERE ] player 0 placing token on slot 2
[2022-12-16 20:41:01] [SEVERE ] Key 82 was pressed by player 0
[2022-12-16 20:41:01] [SEVERE ] player 0 placing token on slot 3
[2022-12-16 20:41:03] [SEVERE ] Key 68 was pressed by player 0
[2022-12-16 20:41:03] [SEVERE ] player 0 placing token on slot 6
[2022-12-16 20:41:03] [SEVERE ] setting player 0 freeze to 3000
[2022-12-16 20:41:06] [SEVERE ] Exit button pressed
