[2022-12-16 18:46:05] [INFO   ] cannot read configuration file config.properties trying from resources.
[2022-12-16 18:46:05] [INFO   ] configuration file was loaded from resources directory.
[2022-12-16 18:46:05] [INFO   ] Thread dealer starting.
[2022-12-16 18:46:05] [INFO   ] Thread Thread-0starting.
[2022-12-16 18:46:05] [INFO   ] Thread Thread-1starting.
[2022-12-16 18:46:05] [SEVERE ] placing card 22 in slot 0
[2022-12-16 18:46:05] [SEVERE ] placing card 1 in slot 1
[2022-12-16 18:46:06] [SEVERE ] placing card 44 in slot 2
[2022-12-16 18:46:06] [SEVERE ] placing card 29 in slot 3
[2022-12-16 18:46:06] [SEVERE ] placing card 65 in slot 4
[2022-12-16 18:46:06] [SEVERE ] placing card 32 in slot 5
[2022-12-16 18:46:06] [SEVERE ] placing card 28 in slot 6
[2022-12-16 18:46:06] [SEVERE ] placing card 17 in slot 7
[2022-12-16 18:46:06] [SEVERE ] placing card 66 in slot 8
[2022-12-16 18:46:06] [SEVERE ] placing card 62 in slot 9
[2022-12-16 18:46:06] [SEVERE ] placing card 16 in slot 10
[2022-12-16 18:46:07] [SEVERE ] placing card 37 in slot 11
[2022-12-16 18:47:45] [SEVERE ] Key 90 was pressed by player 0
[2022-12-16 18:47:45] [SEVERE ] player 0 placing token on slot 8
[2022-12-16 18:47:50] [SEVERE ] Key 82 was pressed by player 0
[2022-12-16 18:47:50] [SEVERE ] player 0 placing token on slot 3
[2022-12-16 18:47:53] [SEVERE ] Key 81 was pressed by player 0
[2022-12-16 18:47:53] [SEVERE ] player 0 placing token on slot 0
[2022-12-16 18:47:53] [SEVERE ] setting player 0 freeze to 3000
[2022-12-16 18:47:56] [INFO   ] Thread main terminated.
