[2022-12-16 21:02:55] [INFO   ] cannot read configuration file config.properties trying from resources.
[2022-12-16 21:02:55] [INFO   ] configuration file was loaded from resources directory.
[2022-12-16 21:02:55] [INFO   ] Thread dealer starting.
[2022-12-16 21:02:55] [INFO   ] Thread Thread-0starting.
[2022-12-16 21:02:55] [INFO   ] Thread Thread-1starting.
[2022-12-16 21:02:55] [SEVERE ] placing card 61 in slot 0
[2022-12-16 21:02:56] [SEVERE ] placing card 60 in slot 1
[2022-12-16 21:02:56] [SEVERE ] placing card 37 in slot 2
[2022-12-16 21:02:56] [SEVERE ] placing card 47 in slot 3
[2022-12-16 21:02:56] [SEVERE ] placing card 7 in slot 4
[2022-12-16 21:02:56] [SEVERE ] placing card 79 in slot 5
[2022-12-16 21:02:56] [SEVERE ] placing card 78 in slot 6
[2022-12-16 21:02:56] [SEVERE ] placing card 50 in slot 7
[2022-12-16 21:02:56] [SEVERE ] placing card 67 in slot 8
[2022-12-16 21:02:56] [SEVERE ] placing card 30 in slot 9
[2022-12-16 21:02:57] [SEVERE ] placing card 54 in slot 10
[2022-12-16 21:02:57] [SEVERE ] placing card 8 in slot 11
[2022-12-16 21:03:09] [SEVERE ] Key 82 was pressed by player 0
[2022-12-16 21:03:09] [SEVERE ] player 0 placing token on slot 3
[2022-12-16 21:03:10] [SEVERE ] Key 69 was pressed by player 0
[2022-12-16 21:03:10] [SEVERE ] player 0 placing token on slot 2
[2022-12-16 21:03:10] [SEVERE ] Key 70 was pressed by player 0
[2022-12-16 21:03:10] [SEVERE ] player 0 placing token on slot 7
[2022-12-16 21:03:12] [SEVERE ] Exit button pressed
