[2022-12-16 19:11:50] [INFO   ] cannot read configuration file config.properties trying from resources.
[2022-12-16 19:11:50] [INFO   ] configuration file was loaded from resources directory.
[2022-12-16 19:11:50] [INFO   ] Thread dealer starting.
[2022-12-16 19:11:50] [INFO   ] Thread Thread-1starting.
[2022-12-16 19:11:50] [INFO   ] Thread Thread-0starting.
[2022-12-16 19:11:50] [SEVERE ] placing card 39 in slot 0
[2022-12-16 19:11:51] [SEVERE ] placing card 30 in slot 1
[2022-12-16 19:11:51] [SEVERE ] placing card 11 in slot 2
[2022-12-16 19:11:51] [SEVERE ] placing card 50 in slot 3
[2022-12-16 19:11:51] [SEVERE ] placing card 76 in slot 4
[2022-12-16 19:11:51] [SEVERE ] placing card 1 in slot 5
[2022-12-16 19:11:51] [SEVERE ] placing card 65 in slot 6
[2022-12-16 19:11:51] [SEVERE ] placing card 5 in slot 7
[2022-12-16 19:11:51] [SEVERE ] placing card 54 in slot 8
[2022-12-16 19:11:51] [SEVERE ] placing card 57 in slot 9
[2022-12-16 19:11:51] [SEVERE ] placing card 61 in slot 10
[2022-12-16 19:11:52] [SEVERE ] placing card 42 in slot 11
[2022-12-16 19:13:54] [SEVERE ] Key 70 was pressed by player 0
[2022-12-16 19:13:54] [SEVERE ] player 0 placing token on slot 7
[2022-12-16 19:13:56] [SEVERE ] Key 87 was pressed by player 0
[2022-12-16 19:13:56] [SEVERE ] player 0 placing token on slot 1
[2022-12-16 19:13:57] [SEVERE ] Key 87 was pressed by player 0
[2022-12-16 19:13:57] [SEVERE ] removing player 0 token from slot 1
[2022-12-16 19:13:57] [SEVERE ] Key 81 was pressed by player 0
[2022-12-16 19:13:57] [SEVERE ] player 0 placing token on slot 0
[2022-12-16 19:13:58] [SEVERE ] Key 65 was pressed by player 0
[2022-12-16 19:13:58] [SEVERE ] player 0 placing token on slot 4
[2022-12-16 19:13:58] [SEVERE ] setting player 0 freeze to 3000
