[2022-12-16 21:39:06] [INFO   ] cannot read configuration file config.properties trying from resources.
[2022-12-16 21:39:06] [INFO   ] configuration file was loaded from resources directory.
[2022-12-16 21:39:06] [INFO   ] Thread dealer starting.
[2022-12-16 21:39:06] [INFO   ] Thread Thread-0starting.
[2022-12-16 21:39:06] [INFO   ] Thread Thread-1starting.
[2022-12-16 21:39:06] [SEVERE ] placing card 69 in slot 0
[2022-12-16 21:39:06] [SEVERE ] placing card 52 in slot 1
[2022-12-16 21:39:06] [SEVERE ] placing card 47 in slot 2
[2022-12-16 21:39:07] [SEVERE ] placing card 80 in slot 3
[2022-12-16 21:39:07] [SEVERE ] placing card 6 in slot 4
[2022-12-16 21:39:07] [SEVERE ] placing card 72 in slot 5
[2022-12-16 21:39:07] [SEVERE ] placing card 28 in slot 6
[2022-12-16 21:39:07] [SEVERE ] placing card 32 in slot 7
[2022-12-16 21:39:07] [SEVERE ] placing card 29 in slot 8
[2022-12-16 21:39:07] [SEVERE ] placing card 14 in slot 9
[2022-12-16 21:39:07] [SEVERE ] placing card 77 in slot 10
[2022-12-16 21:39:07] [SEVERE ] placing card 26 in slot 11
[2022-12-16 21:40:29] [SEVERE ] Key 88 was pressed by player 0
[2022-12-16 21:40:29] [SEVERE ] player 0 placing token on slot 9
[2022-12-16 21:40:29] [SEVERE ] Key 67 was pressed by player 0
[2022-12-16 21:40:29] [SEVERE ] player 0 placing token on slot 10
[2022-12-16 21:40:31] [SEVERE ] Key 70 was pressed by player 0
[2022-12-16 21:40:31] [SEVERE ] player 0 placing token on slot 7
[2022-12-16 21:40:31] [SEVERE ] setting player 0 score to 1
[2022-12-16 21:40:31] [SEVERE ] setting player 0 freeze to 1000
[2022-12-16 21:40:32] [SEVERE ] removing player 0 token from slot 7
[2022-12-16 21:40:32] [SEVERE ] removing player 0 token from slot 9
[2022-12-16 21:40:32] [SEVERE ] removing player 0 token from slot 10
[2022-12-16 21:40:32] [SEVERE ] removing card from slot 7
[2022-12-16 21:40:32] [SEVERE ] removing card from slot 9
[2022-12-16 21:40:32] [SEVERE ] removing card from slot 10
[2022-12-16 21:40:32] [SEVERE ] placing card 15 in slot 7
[2022-12-16 21:40:33] [SEVERE ] placing card 5 in slot 9
[2022-12-16 21:40:33] [SEVERE ] placing card 79 in slot 10
[2022-12-16 21:40:33] [SEVERE ] removing card from slot 0
[2022-12-16 21:40:33] [SEVERE ] removing card from slot 1
[2022-12-16 21:40:33] [SEVERE ] removing card from slot 2
[2022-12-16 21:40:33] [SEVERE ] removing card from slot 3
[2022-12-16 21:40:33] [SEVERE ] removing card from slot 4
[2022-12-16 21:40:33] [SEVERE ] removing card from slot 5
[2022-12-16 21:40:33] [SEVERE ] removing card from slot 6
[2022-12-16 21:40:34] [SEVERE ] removing card from slot 7
[2022-12-16 21:40:34] [SEVERE ] removing card from slot 8
[2022-12-16 21:40:34] [SEVERE ] removing card from slot 9
[2022-12-16 21:40:34] [SEVERE ] removing card from slot 10
[2022-12-16 21:40:34] [SEVERE ] removing card from slot 11
[2022-12-16 21:40:34] [SEVERE ] placing card 61 in slot 0
[2022-12-16 21:40:34] [SEVERE ] placing card 73 in slot 1
[2022-12-16 21:40:34] [SEVERE ] placing card 65 in slot 2
[2022-12-16 21:40:34] [SEVERE ] placing card 57 in slot 3
[2022-12-16 21:40:35] [SEVERE ] placing card 11 in slot 4
[2022-12-16 21:40:35] [SEVERE ] placing card 37 in slot 5
[2022-12-16 21:40:35] [SEVERE ] placing card 30 in slot 6
[2022-12-16 21:40:35] [SEVERE ] placing card 11 in slot 7
[2022-12-16 21:40:35] [SEVERE ] placing card 66 in slot 8
[2022-12-16 21:40:35] [SEVERE ] placing card 23 in slot 9
[2022-12-16 21:40:35] [SEVERE ] placing card 74 in slot 10
[2022-12-16 21:40:35] [SEVERE ] placing card 43 in slot 11
[2022-12-16 21:40:35] [SEVERE ] removing card from slot 0
[2022-12-16 21:40:36] [SEVERE ] removing card from slot 1
[2022-12-16 21:40:36] [SEVERE ] removing card from slot 2
[2022-12-16 21:40:36] [SEVERE ] removing card from slot 3
[2022-12-16 21:40:36] [SEVERE ] removing card from slot 4
[2022-12-16 21:40:36] [SEVERE ] removing card from slot 5
[2022-12-16 21:40:36] [SEVERE ] removing card from slot 6
[2022-12-16 21:40:36] [SEVERE ] removing card from slot 7
[2022-12-16 21:40:36] [SEVERE ] Key 88 was pressed by player 0
[2022-12-16 21:40:36] [SEVERE ] player 0 placing token on slot 9
[2022-12-16 21:40:36] [SEVERE ] Key 67 was pressed by player 0
[2022-12-16 21:40:36] [SEVERE ] player 0 placing token on slot 10
[2022-12-16 21:40:36] [SEVERE ] Key 44 was pressed by player 1
[2022-12-16 21:40:36] [SEVERE ] player 1 placing token on slot 9
[2022-12-16 21:40:36] [SEVERE ] Key 75 was pressed by player 1
[2022-12-16 21:40:36] [SEVERE ] player 1 placing token on slot 5
[2022-12-16 21:40:36] [SEVERE ] removing card from slot 8
[2022-12-16 21:40:36] [SEVERE ] Key 76 was pressed by player 1
[2022-12-16 21:40:36] [SEVERE ] player 1 placing token on slot 6
[2022-12-16 21:40:36] [SEVERE ] removing card from slot 9
[2022-12-16 21:40:36] [SEVERE ] removing card from slot 10
[2022-12-16 21:40:37] [SEVERE ] Key 46 was pressed by player 1
[2022-12-16 21:40:37] [SEVERE ] removing card from slot 11
[2022-12-16 21:40:37] [SEVERE ] placing card 59 in slot 0
[2022-12-16 21:40:37] [SEVERE ] placing card 63 in slot 1
[2022-12-16 21:40:37] [SEVERE ] placing card 35 in slot 2
[2022-12-16 21:40:37] [SEVERE ] placing card 4 in slot 3
[2022-12-16 21:40:37] [SEVERE ] Key 79 was pressed by player 1
[2022-12-16 21:40:37] [SEVERE ] placing card 1 in slot 4
[2022-12-16 21:40:37] [SEVERE ] placing card 62 in slot 5
[2022-12-16 21:40:37] [SEVERE ] placing card 11 in slot 6
[2022-12-16 21:40:37] [SEVERE ] placing card 0 in slot 7
[2022-12-16 21:40:38] [SEVERE ] Key 79 was pressed by player 1
[2022-12-16 21:40:38] [SEVERE ] placing card 8 in slot 8
[2022-12-16 21:40:38] [SEVERE ] Key 79 was pressed by player 1
[2022-12-16 21:40:38] [SEVERE ] Key 79 was pressed by player 1
[2022-12-16 21:40:38] [SEVERE ] Key 79 was pressed by player 1
[2022-12-16 21:40:38] [SEVERE ] placing card 31 in slot 9
[2022-12-16 21:40:38] [SEVERE ] Key 79 was pressed by player 1
[2022-12-16 21:40:38] [SEVERE ] Key 79 was pressed by player 1
[2022-12-16 21:40:38] [SEVERE ] Key 79 was pressed by player 1
[2022-12-16 21:40:38] [SEVERE ] Key 79 was pressed by player 1
[2022-12-16 21:40:38] [SEVERE ] placing card 39 in slot 10
[2022-12-16 21:40:38] [SEVERE ] Key 79 was pressed by player 1
[2022-12-16 21:40:38] [SEVERE ] Key 79 was pressed by player 1
[2022-12-16 21:40:38] [SEVERE ] Key 79 was pressed by player 1
[2022-12-16 21:40:38] [SEVERE ] placing card 18 in slot 11
[2022-12-16 21:40:38] [SEVERE ] Key 79 was pressed by player 1
[2022-12-16 21:40:38] [SEVERE ] Key 79 was pressed by player 1
[2022-12-16 21:40:38] [SEVERE ] Key 79 was pressed by player 1
[2022-12-16 21:40:38] [SEVERE ] removing card from slot 0
[2022-12-16 21:40:38] [SEVERE ] Key 79 was pressed by player 1
[2022-12-16 21:40:38] [SEVERE ] Key 75 was pressed by player 1
[2022-12-16 21:40:38] [SEVERE ] removing card from slot 1
[2022-12-16 21:40:38] [SEVERE ] removing card from slot 2
[2022-12-16 21:40:38] [SEVERE ] removing card from slot 3
[2022-12-16 21:40:38] [SEVERE ] removing card from slot 4
[2022-12-16 21:40:39] [SEVERE ] removing card from slot 5
[2022-12-16 21:40:39] [SEVERE ] removing card from slot 6
[2022-12-16 21:40:39] [SEVERE ] removing card from slot 7
[2022-12-16 21:40:39] [SEVERE ] removing card from slot 8
[2022-12-16 21:40:39] [SEVERE ] removing card from slot 9
[2022-12-16 21:40:39] [SEVERE ] removing card from slot 10
[2022-12-16 21:40:39] [SEVERE ] removing card from slot 11
[2022-12-16 21:40:39] [SEVERE ] placing card 27 in slot 0
[2022-12-16 21:40:39] [SEVERE ] placing card 5 in slot 1
[2022-12-16 21:40:40] [SEVERE ] placing card 24 in slot 2
[2022-12-16 21:40:40] [SEVERE ] placing card 8 in slot 3
[2022-12-16 21:40:40] [SEVERE ] placing card 49 in slot 4
[2022-12-16 21:40:40] [SEVERE ] placing card 9 in slot 5
[2022-12-16 21:40:40] [SEVERE ] placing card 17 in slot 6
[2022-12-16 21:40:40] [SEVERE ] placing card 48 in slot 7
[2022-12-16 21:40:40] [SEVERE ] placing card 7 in slot 8
[2022-12-16 21:40:40] [SEVERE ] placing card 78 in slot 9
[2022-12-16 21:40:40] [SEVERE ] placing card 9 in slot 10
[2022-12-16 21:40:41] [SEVERE ] placing card 11 in slot 11
[2022-12-16 21:40:41] [SEVERE ] removing card from slot 0
[2022-12-16 21:40:41] [SEVERE ] removing card from slot 1
[2022-12-16 21:40:41] [SEVERE ] removing card from slot 2
[2022-12-16 21:40:41] [SEVERE ] removing card from slot 3
[2022-12-16 21:40:41] [SEVERE ] removing card from slot 4
[2022-12-16 21:40:41] [SEVERE ] removing card from slot 5
[2022-12-16 21:40:41] [SEVERE ] removing card from slot 6
[2022-12-16 21:40:41] [SEVERE ] removing card from slot 7
[2022-12-16 21:40:41] [SEVERE ] removing card from slot 8
[2022-12-16 21:40:42] [SEVERE ] removing card from slot 9
[2022-12-16 21:40:42] [SEVERE ] removing card from slot 10
[2022-12-16 21:40:42] [SEVERE ] removing card from slot 11
[2022-12-16 21:40:42] [SEVERE ] placing card 71 in slot 0
[2022-12-16 21:40:42] [SEVERE ] placing card 10 in slot 1
[2022-12-16 21:40:42] [SEVERE ] placing card 44 in slot 2
[2022-12-16 21:40:42] [SEVERE ] placing card 3 in slot 3
[2022-12-16 21:40:42] [SEVERE ] placing card 58 in slot 4
[2022-12-16 21:40:42] [SEVERE ] placing card 6 in slot 5
[2022-12-16 21:40:43] [SEVERE ] placing card 6 in slot 6
[2022-12-16 21:40:43] [SEVERE ] placing card 5 in slot 7
[2022-12-16 21:40:43] [SEVERE ] placing card 46 in slot 8
[2022-12-16 21:40:43] [SEVERE ] placing card 13 in slot 9
[2022-12-16 21:40:43] [SEVERE ] placing card 10 in slot 10
[2022-12-16 21:40:43] [SEVERE ] placing card 64 in slot 11
[2022-12-16 21:40:43] [SEVERE ] removing card from slot 0
[2022-12-16 21:40:43] [SEVERE ] removing card from slot 1
[2022-12-16 21:40:43] [SEVERE ] removing card from slot 2
[2022-12-16 21:40:44] [SEVERE ] removing card from slot 3
[2022-12-16 21:40:44] [SEVERE ] removing card from slot 4
[2022-12-16 21:40:44] [SEVERE ] removing card from slot 5
[2022-12-16 21:40:44] [SEVERE ] removing card from slot 6
[2022-12-16 21:40:44] [SEVERE ] removing card from slot 7
[2022-12-16 21:40:44] [SEVERE ] removing card from slot 8
[2022-12-16 21:40:44] [SEVERE ] removing card from slot 9
[2022-12-16 21:40:44] [SEVERE ] removing card from slot 10
[2022-12-16 21:40:44] [SEVERE ] removing card from slot 11
[2022-12-16 21:40:45] [SEVERE ] placing card 7 in slot 0
[2022-12-16 21:40:45] [SEVERE ] placing card 12 in slot 1
[2022-12-16 21:40:45] [SEVERE ] placing card 54 in slot 2
[2022-12-16 21:40:45] [SEVERE ] placing card 4 in slot 3
[2022-12-16 21:40:45] [SEVERE ] placing card 36 in slot 4
[2022-12-16 21:40:45] [SEVERE ] placing card 0 in slot 5
[2022-12-16 21:40:45] [SEVERE ] placing card 3 in slot 6
[2022-12-16 21:40:45] [SEVERE ] placing card 60 in slot 7
[2022-12-16 21:40:45] [SEVERE ] placing card 0 in slot 8
[2022-12-16 21:40:46] [SEVERE ] placing card 38 in slot 9
[2022-12-16 21:40:46] [SEVERE ] placing card 2 in slot 10
[2022-12-16 21:40:46] [SEVERE ] placing card 5 in slot 11
[2022-12-16 21:40:46] [SEVERE ] removing card from slot 0
[2022-12-16 21:40:46] [SEVERE ] removing card from slot 1
[2022-12-16 21:40:46] [SEVERE ] removing card from slot 2
[2022-12-16 21:40:46] [SEVERE ] removing card from slot 3
[2022-12-16 21:40:46] [SEVERE ] removing card from slot 4
[2022-12-16 21:40:46] [SEVERE ] removing card from slot 5
[2022-12-16 21:40:46] [SEVERE ] removing card from slot 6
[2022-12-16 21:40:47] [SEVERE ] removing card from slot 7
[2022-12-16 21:40:47] [SEVERE ] removing card from slot 8
[2022-12-16 21:40:47] [SEVERE ] removing card from slot 9
[2022-12-16 21:40:47] [SEVERE ] removing card from slot 10
[2022-12-16 21:40:47] [SEVERE ] removing card from slot 11
[2022-12-16 21:40:47] [SEVERE ] placing card 56 in slot 0
[2022-12-16 21:40:47] [SEVERE ] placing card 1 in slot 1
