[2022-12-16 20:59:19] [INFO   ] cannot read configuration file config.properties trying from resources.
[2022-12-16 20:59:19] [INFO   ] configuration file was loaded from resources directory.
[2022-12-16 20:59:20] [INFO   ] Thread dealer starting.
[2022-12-16 20:59:20] [INFO   ] Thread Thread-0starting.
[2022-12-16 20:59:20] [INFO   ] Thread Thread-1starting.
[2022-12-16 20:59:20] [SEVERE ] placing card 48 in slot 0
[2022-12-16 20:59:20] [SEVERE ] placing card 65 in slot 1
[2022-12-16 20:59:20] [SEVERE ] placing card 16 in slot 2
[2022-12-16 20:59:20] [SEVERE ] placing card 71 in slot 3
[2022-12-16 20:59:20] [SEVERE ] placing card 51 in slot 4
[2022-12-16 20:59:20] [SEVERE ] placing card 40 in slot 5
[2022-12-16 20:59:21] [SEVERE ] placing card 33 in slot 6
[2022-12-16 20:59:21] [SEVERE ] placing card 30 in slot 7
[2022-12-16 20:59:21] [SEVERE ] placing card 55 in slot 8
[2022-12-16 20:59:21] [SEVERE ] placing card 63 in slot 9
[2022-12-16 20:59:21] [SEVERE ] placing card 5 in slot 10
[2022-12-16 20:59:21] [SEVERE ] placing card 14 in slot 11
[2022-12-16 21:00:02] [SEVERE ] Key 69 was pressed by player 0
[2022-12-16 21:00:02] [SEVERE ] player 0 placing token on slot 2
[2022-12-16 21:00:03] [SEVERE ] Key 82 was pressed by player 0
[2022-12-16 21:00:03] [SEVERE ] player 0 placing token on slot 3
[2022-12-16 21:00:05] [SEVERE ] Key 68 was pressed by player 0
[2022-12-16 21:00:05] [SEVERE ] player 0 placing token on slot 6
[2022-12-16 21:00:20] [SEVERE ] setting player 0 freeze to 3000
[2022-12-16 21:00:23] [SEVERE ] Exit button pressed
