[2022-12-16 21:10:14] [INFO   ] cannot read configuration file config.properties trying from resources.
[2022-12-16 21:10:14] [INFO   ] configuration file was loaded from resources directory.
[2022-12-16 21:10:15] [INFO   ] Thread dealer starting.
[2022-12-16 21:10:15] [INFO   ] Thread Thread-0starting.
[2022-12-16 21:10:15] [INFO   ] Thread Thread-1starting.
[2022-12-16 21:10:15] [SEVERE ] placing card 77 in slot 0
[2022-12-16 21:10:15] [SEVERE ] placing card 64 in slot 1
[2022-12-16 21:10:15] [SEVERE ] placing card 76 in slot 2
[2022-12-16 21:10:15] [SEVERE ] placing card 32 in slot 3
[2022-12-16 21:10:16] [SEVERE ] placing card 2 in slot 4
[2022-12-16 21:10:16] [SEVERE ] placing card 17 in slot 5
[2022-12-16 21:10:16] [SEVERE ] placing card 78 in slot 6
[2022-12-16 21:10:16] [SEVERE ] placing card 54 in slot 7
[2022-12-16 21:10:16] [SEVERE ] placing card 55 in slot 8
[2022-12-16 21:10:16] [SEVERE ] placing card 73 in slot 9
[2022-12-16 21:10:16] [SEVERE ] placing card 5 in slot 10
[2022-12-16 21:10:16] [SEVERE ] placing card 62 in slot 11
[2022-12-16 21:10:17] [SEVERE ] Key 87 was pressed by player 0
[2022-12-16 21:10:17] [SEVERE ] player 0 placing token on slot 1
[2022-12-16 21:10:17] [SEVERE ] Key 68 was pressed by player 0
[2022-12-16 21:10:17] [SEVERE ] player 0 placing token on slot 6
[2022-12-16 21:10:18] [SEVERE ] Key 75 was pressed by player 1
[2022-12-16 21:10:18] [SEVERE ] player 1 placing token on slot 5
[2022-12-16 21:10:21] [SEVERE ] Key 83 was pressed by player 0
[2022-12-16 21:10:21] [SEVERE ] player 0 placing token on slot 5
[2022-12-16 21:10:21] [INFO   ] Thread main terminated.
