[2022-12-16 21:14:35] [INFO   ] cannot read configuration file config.properties trying from resources.
[2022-12-16 21:14:35] [INFO   ] configuration file was loaded from resources directory.
[2022-12-16 21:14:35] [INFO   ] Thread dealer starting.
[2022-12-16 21:14:35] [INFO   ] Thread Thread-0starting.
[2022-12-16 21:14:35] [INFO   ] Thread Thread-1starting.
[2022-12-16 21:14:35] [SEVERE ] placing card 40 in slot 0
[2022-12-16 21:14:36] [SEVERE ] placing card 24 in slot 1
[2022-12-16 21:14:36] [SEVERE ] placing card 34 in slot 2
[2022-12-16 21:14:36] [SEVERE ] placing card 15 in slot 3
[2022-12-16 21:14:36] [SEVERE ] placing card 1 in slot 4
[2022-12-16 21:14:36] [SEVERE ] placing card 10 in slot 5
[2022-12-16 21:14:36] [SEVERE ] placing card 16 in slot 6
[2022-12-16 21:14:36] [SEVERE ] placing card 65 in slot 7
[2022-12-16 21:14:36] [SEVERE ] placing card 17 in slot 8
[2022-12-16 21:14:36] [SEVERE ] placing card 28 in slot 9
[2022-12-16 21:14:37] [SEVERE ] placing card 42 in slot 10
[2022-12-16 21:14:37] [SEVERE ] placing card 27 in slot 11
[2022-12-16 21:14:38] [SEVERE ] Key 70 was pressed by player 0
[2022-12-16 21:14:38] [SEVERE ] player 0 placing token on slot 7
[2022-12-16 21:14:38] [SEVERE ] Key 82 was pressed by player 0
[2022-12-16 21:14:38] [SEVERE ] player 0 placing token on slot 3
[2022-12-16 21:14:38] [SEVERE ] Key 69 was pressed by player 0
[2022-12-16 21:14:38] [SEVERE ] player 0 placing token on slot 2
[2022-12-16 21:14:38] [SEVERE ] setting player 0 freeze to 3000
[2022-12-16 21:14:41] [SEVERE ] removing player 0 token from slot 2
[2022-12-16 21:14:41] [SEVERE ] removing player 0 token from slot 3
[2022-12-16 21:14:41] [SEVERE ] removing player 0 token from slot 7
[2022-12-16 21:14:44] [SEVERE ] Key 88 was pressed by player 0
[2022-12-16 21:14:44] [SEVERE ] player 0 placing token on slot 9
[2022-12-16 21:14:44] [SEVERE ] Key 83 was pressed by player 0
[2022-12-16 21:14:44] [SEVERE ] player 0 placing token on slot 5
[2022-12-16 21:14:44] [SEVERE ] Key 68 was pressed by player 0
[2022-12-16 21:14:44] [SEVERE ] player 0 placing token on slot 6
[2022-12-16 21:15:01] [SEVERE ] Exit button pressed
