[2022-12-16 19:16:41] [INFO   ] cannot read configuration file config.properties trying from resources.
[2022-12-16 19:16:41] [INFO   ] configuration file was loaded from resources directory.
[2022-12-16 19:16:41] [INFO   ] Thread dealer starting.
[2022-12-16 19:16:41] [INFO   ] Thread Thread-0starting.
[2022-12-16 19:16:41] [INFO   ] Thread Thread-1starting.
[2022-12-16 19:16:41] [SEVERE ] placing card 63 in slot 0
[2022-12-16 19:16:41] [SEVERE ] placing card 24 in slot 1
[2022-12-16 19:16:42] [SEVERE ] placing card 55 in slot 2
[2022-12-16 19:16:42] [SEVERE ] placing card 49 in slot 3
[2022-12-16 19:16:42] [SEVERE ] placing card 60 in slot 4
[2022-12-16 19:16:42] [SEVERE ] placing card 52 in slot 5
[2022-12-16 19:16:42] [SEVERE ] placing card 51 in slot 6
[2022-12-16 19:16:42] [SEVERE ] placing card 46 in slot 7
[2022-12-16 19:16:42] [SEVERE ] placing card 65 in slot 8
[2022-12-16 19:16:42] [SEVERE ] placing card 19 in slot 9
[2022-12-16 19:16:42] [SEVERE ] placing card 28 in slot 10
[2022-12-16 19:16:43] [SEVERE ] placing card 48 in slot 11
[2022-12-16 19:17:17] [SEVERE ] Key 81 was pressed by player 0
[2022-12-16 19:17:17] [SEVERE ] player 0 placing token on slot 0
[2022-12-16 19:17:18] [SEVERE ] Key 87 was pressed by player 0
[2022-12-16 19:17:18] [SEVERE ] player 0 placing token on slot 1
[2022-12-16 19:17:18] [SEVERE ] Key 69 was pressed by player 0
[2022-12-16 19:17:18] [SEVERE ] player 0 placing token on slot 2
[2022-12-16 19:17:18] [SEVERE ] setting player 0 freeze to 3000
