[2022-12-16 21:16:40] [INFO   ] cannot read configuration file config.properties trying from resources.
[2022-12-16 21:16:40] [INFO   ] configuration file was loaded from resources directory.
[2022-12-16 21:16:41] [INFO   ] Thread dealer starting.
[2022-12-16 21:16:41] [INFO   ] Thread Thread-0starting.
[2022-12-16 21:16:41] [INFO   ] Thread Thread-1starting.
[2022-12-16 21:16:41] [SEVERE ] placing card 19 in slot 0
[2022-12-16 21:16:41] [SEVERE ] placing card 74 in slot 1
[2022-12-16 21:16:41] [SEVERE ] placing card 51 in slot 2
[2022-12-16 21:16:41] [SEVERE ] placing card 47 in slot 3
[2022-12-16 21:16:41] [SEVERE ] placing card 18 in slot 4
[2022-12-16 21:16:41] [SEVERE ] placing card 63 in slot 5
[2022-12-16 21:16:42] [SEVERE ] placing card 7 in slot 6
[2022-12-16 21:16:42] [SEVERE ] placing card 21 in slot 7
[2022-12-16 21:16:42] [SEVERE ] placing card 22 in slot 8
[2022-12-16 21:16:42] [SEVERE ] placing card 68 in slot 9
[2022-12-16 21:16:42] [SEVERE ] placing card 44 in slot 10
[2022-12-16 21:16:42] [SEVERE ] placing card 3 in slot 11
[2022-12-16 21:17:14] [SEVERE ] Key 86 was pressed by player 0
[2022-12-16 21:17:14] [SEVERE ] player 0 placing token on slot 11
[2022-12-16 21:17:17] [SEVERE ] Key 69 was pressed by player 0
[2022-12-16 21:17:17] [SEVERE ] player 0 placing token on slot 2
[2022-12-16 21:17:19] [SEVERE ] Key 83 was pressed by player 0
[2022-12-16 21:17:19] [SEVERE ] player 0 placing token on slot 5
[2022-12-16 21:17:19] [SEVERE ] setting player 0 score to 1
[2022-12-16 21:17:19] [SEVERE ] setting player 0 freeze to 1000
[2022-12-16 21:17:19] [INFO   ] Thread main terminated.
