[2022-12-16 19:22:11] [INFO   ] cannot read configuration file config.properties trying from resources.
[2022-12-16 19:22:11] [INFO   ] configuration file was loaded from resources directory.
[2022-12-16 19:22:11] [INFO   ] Thread dealer starting.
[2022-12-16 19:22:11] [INFO   ] Thread Thread-0starting.
[2022-12-16 19:22:11] [INFO   ] Thread Thread-1starting.
[2022-12-16 19:22:12] [SEVERE ] placing card 79 in slot 0
[2022-12-16 19:22:12] [SEVERE ] placing card 22 in slot 1
[2022-12-16 19:22:12] [SEVERE ] placing card 56 in slot 2
[2022-12-16 19:22:12] [SEVERE ] placing card 61 in slot 3
[2022-12-16 19:22:12] [SEVERE ] placing card 54 in slot 4
[2022-12-16 19:22:12] [SEVERE ] placing card 7 in slot 5
[2022-12-16 19:22:12] [SEVERE ] placing card 8 in slot 6
[2022-12-16 19:22:12] [SEVERE ] placing card 15 in slot 7
[2022-12-16 19:22:12] [SEVERE ] placing card 68 in slot 8
[2022-12-16 19:22:13] [SEVERE ] placing card 77 in slot 9
[2022-12-16 19:22:13] [SEVERE ] placing card 80 in slot 10
[2022-12-16 19:22:13] [SEVERE ] placing card 39 in slot 11
[2022-12-16 19:22:13] [SEVERE ] Key 69 was pressed by player 0
[2022-12-16 19:22:13] [SEVERE ] player 0 placing token on slot 2
[2022-12-16 19:22:13] [SEVERE ] Key 82 was pressed by player 0
[2022-12-16 19:22:13] [SEVERE ] player 0 placing token on slot 3
[2022-12-16 19:22:14] [SEVERE ] Key 87 was pressed by player 0
[2022-12-16 19:22:14] [SEVERE ] player 0 placing token on slot 1
[2022-12-16 19:22:14] [SEVERE ] setting player 0 score to -1
[2022-12-16 19:22:14] [SEVERE ] setting player 0 freeze to 3000
[2022-12-16 19:22:43] [SEVERE ] Exit button pressed
