[2022-12-16 19:05:16] [INFO   ] cannot read configuration file config.properties trying from resources.
[2022-12-16 19:05:16] [INFO   ] configuration file was loaded from resources directory.
[2022-12-16 19:05:16] [INFO   ] Thread dealer starting.
[2022-12-16 19:05:16] [INFO   ] Thread Thread-1starting.
[2022-12-16 19:05:16] [INFO   ] Thread Thread-0starting.
[2022-12-16 19:05:16] [SEVERE ] placing card 57 in slot 0
[2022-12-16 19:05:17] [SEVERE ] placing card 66 in slot 1
[2022-12-16 19:05:17] [SEVERE ] placing card 77 in slot 2
[2022-12-16 19:05:17] [SEVERE ] placing card 65 in slot 3
[2022-12-16 19:05:17] [SEVERE ] placing card 9 in slot 4
[2022-12-16 19:05:17] [SEVERE ] placing card 13 in slot 5
[2022-12-16 19:05:17] [SEVERE ] placing card 41 in slot 6
[2022-12-16 19:05:17] [SEVERE ] placing card 34 in slot 7
[2022-12-16 19:05:17] [SEVERE ] placing card 39 in slot 8
[2022-12-16 19:05:17] [SEVERE ] placing card 72 in slot 9
[2022-12-16 19:05:18] [SEVERE ] placing card 18 in slot 10
[2022-12-16 19:05:18] [SEVERE ] placing card 7 in slot 11
[2022-12-16 19:06:24] [SEVERE ] Key 88 was pressed by player 0
[2022-12-16 19:06:24] [SEVERE ] player 0 placing token on slot 9
[2022-12-16 19:06:28] [SEVERE ] Key 68 was pressed by player 0
[2022-12-16 19:06:28] [SEVERE ] player 0 placing token on slot 6
[2022-12-16 19:06:30] [SEVERE ] Key 86 was pressed by player 0
[2022-12-16 19:06:30] [SEVERE ] player 0 placing token on slot 11
[2022-12-16 19:06:30] [SEVERE ] setting player 0 freeze to 3000
[2022-12-16 19:06:30] [SEVERE ] setting player 0 score to -1
