[2022-12-16 21:36:09] [INFO   ] cannot read configuration file config.properties trying from resources.
[2022-12-16 21:36:09] [INFO   ] configuration file was loaded from resources directory.
[2022-12-16 21:36:10] [INFO   ] Thread dealer starting.
[2022-12-16 21:36:10] [INFO   ] Thread Thread-0starting.
[2022-12-16 21:36:10] [INFO   ] Thread Thread-1starting.
[2022-12-16 21:36:10] [SEVERE ] placing card 20 in slot 0
[2022-12-16 21:36:10] [SEVERE ] placing card 6 in slot 1
[2022-12-16 21:36:10] [SEVERE ] placing card 79 in slot 2
[2022-12-16 21:36:10] [SEVERE ] placing card 73 in slot 3
[2022-12-16 21:36:10] [SEVERE ] placing card 18 in slot 4
[2022-12-16 21:36:10] [SEVERE ] placing card 52 in slot 5
[2022-12-16 21:36:10] [SEVERE ] placing card 60 in slot 6
[2022-12-16 21:36:11] [SEVERE ] placing card 57 in slot 7
[2022-12-16 21:36:11] [SEVERE ] placing card 23 in slot 8
[2022-12-16 21:36:11] [SEVERE ] placing card 21 in slot 9
[2022-12-16 21:36:11] [SEVERE ] placing card 66 in slot 10
[2022-12-16 21:36:11] [SEVERE ] placing card 1 in slot 11
[2022-12-16 21:36:24] [SEVERE ] Key 90 was pressed by player 0
[2022-12-16 21:36:24] [SEVERE ] player 0 placing token on slot 8
[2022-12-16 21:36:24] [SEVERE ] Key 83 was pressed by player 0
[2022-12-16 21:36:24] [SEVERE ] player 0 placing token on slot 5
[2022-12-16 21:36:26] [SEVERE ] Key 82 was pressed by player 0
[2022-12-16 21:36:26] [SEVERE ] player 0 placing token on slot 3
[2022-12-16 21:36:50] [SEVERE ] Exit button pressed
