[2022-12-16 19:54:27] [INFO   ] cannot read configuration file config.properties trying from resources.
[2022-12-16 19:54:27] [INFO   ] configuration file was loaded from resources directory.
[2022-12-16 19:54:27] [INFO   ] Thread dealer starting.
[2022-12-16 19:54:27] [INFO   ] Thread Thread-1starting.
[2022-12-16 19:54:27] [INFO   ] Thread Thread-0starting.
[2022-12-16 19:54:28] [SEVERE ] placing card 57 in slot 0
[2022-12-16 19:54:28] [SEVERE ] placing card 7 in slot 1
[2022-12-16 19:54:28] [SEVERE ] placing card 22 in slot 2
[2022-12-16 19:54:28] [SEVERE ] placing card 63 in slot 3
[2022-12-16 19:54:28] [SEVERE ] placing card 6 in slot 4
[2022-12-16 19:54:28] [SEVERE ] placing card 64 in slot 5
[2022-12-16 19:54:28] [SEVERE ] placing card 30 in slot 6
[2022-12-16 19:54:28] [SEVERE ] placing card 60 in slot 7
[2022-12-16 19:54:28] [SEVERE ] placing card 54 in slot 8
[2022-12-16 19:54:28] [SEVERE ] placing card 14 in slot 9
[2022-12-16 19:54:29] [SEVERE ] placing card 10 in slot 10
[2022-12-16 19:54:29] [SEVERE ] placing card 65 in slot 11
[2022-12-16 19:54:29] [SEVERE ] Key 83 was pressed by player 0
[2022-12-16 19:54:29] [SEVERE ] player 0 placing token on slot 5
[2022-12-16 19:54:29] [SEVERE ] Key 68 was pressed by player 0
[2022-12-16 19:54:29] [SEVERE ] player 0 placing token on slot 6
[2022-12-16 19:54:29] [SEVERE ] Key 70 was pressed by player 0
[2022-12-16 19:54:29] [SEVERE ] player 0 placing token on slot 7
[2022-12-16 19:54:29] [SEVERE ] setting player 0 freeze to 3000
[2022-12-16 19:54:32] [SEVERE ] Key 70 was pressed by player 0
[2022-12-16 19:54:32] [SEVERE ] Key 68 was pressed by player 0
[2022-12-16 19:54:32] [SEVERE ] removing player 0 token from slot 7
[2022-12-16 19:54:32] [SEVERE ] removing player 0 token from slot 6
[2022-12-16 19:54:32] [SEVERE ] Key 83 was pressed by player 0
[2022-12-16 19:54:32] [SEVERE ] removing player 0 token from slot 5
[2022-12-16 19:54:33] [SEVERE ] Key 83 was pressed by player 0
[2022-12-16 19:54:33] [SEVERE ] player 0 placing token on slot 5
[2022-12-16 19:54:33] [SEVERE ] Key 68 was pressed by player 0
[2022-12-16 19:54:33] [SEVERE ] player 0 placing token on slot 6
[2022-12-16 19:54:34] [SEVERE ] Key 70 was pressed by player 0
[2022-12-16 19:54:34] [SEVERE ] player 0 placing token on slot 7
[2022-12-16 19:54:34] [SEVERE ] setting player 0 freeze to 3000
[2022-12-16 19:54:34] [SEVERE ] Key 70 was pressed by player 0
[2022-12-16 19:54:34] [SEVERE ] Key 68 was pressed by player 0
[2022-12-16 19:54:35] [SEVERE ] Key 83 was pressed by player 0
[2022-12-16 19:54:35] [SEVERE ] Key 70 was pressed by player 0
[2022-12-16 19:54:37] [SEVERE ] removing player 0 token from slot 7
[2022-12-16 19:54:37] [SEVERE ] removing player 0 token from slot 6
[2022-12-16 19:54:37] [SEVERE ] removing player 0 token from slot 5
[2022-12-16 19:54:37] [SEVERE ] Key 70 was pressed by player 0
[2022-12-16 19:54:37] [SEVERE ] player 0 placing token on slot 7
[2022-12-16 19:54:38] [SEVERE ] Key 68 was pressed by player 0
[2022-12-16 19:54:38] [SEVERE ] player 0 placing token on slot 6
[2022-12-16 19:54:38] [SEVERE ] Key 83 was pressed by player 0
[2022-12-16 19:54:38] [SEVERE ] player 0 placing token on slot 5
[2022-12-16 19:54:38] [SEVERE ] setting player 0 freeze to 3000
[2022-12-16 19:54:48] [SEVERE ] Key 83 was pressed by player 0
[2022-12-16 19:54:48] [SEVERE ] removing player 0 token from slot 5
[2022-12-16 19:54:48] [SEVERE ] Key 68 was pressed by player 0
[2022-12-16 19:54:48] [SEVERE ] removing player 0 token from slot 6
[2022-12-16 19:54:50] [SEVERE ] Key 70 was pressed by player 0
[2022-12-16 19:54:50] [SEVERE ] removing player 0 token from slot 7
[2022-12-16 19:54:52] [SEVERE ] Exit button pressed
