[2022-12-16 18:42:15] [INFO   ] cannot read configuration file config.properties trying from resources.
[2022-12-16 18:42:15] [INFO   ] configuration file was loaded from resources directory.
[2022-12-16 18:42:16] [INFO   ] Thread dealer starting.
[2022-12-16 18:42:16] [INFO   ] Thread Thread-0starting.
[2022-12-16 18:42:16] [INFO   ] Thread Thread-1starting.
[2022-12-16 18:42:16] [SEVERE ] placing card 37 in slot 0
[2022-12-16 18:42:16] [SEVERE ] placing card 17 in slot 1
[2022-12-16 18:42:16] [SEVERE ] placing card 24 in slot 2
[2022-12-16 18:42:16] [SEVERE ] placing card 28 in slot 3
[2022-12-16 18:42:16] [SEVERE ] placing card 1 in slot 4
[2022-12-16 18:42:16] [SEVERE ] placing card 77 in slot 5
[2022-12-16 18:42:16] [SEVERE ] placing card 16 in slot 6
[2022-12-16 18:42:17] [SEVERE ] placing card 13 in slot 7
[2022-12-16 18:42:17] [SEVERE ] placing card 66 in slot 8
[2022-12-16 18:42:17] [SEVERE ] placing card 46 in slot 9
[2022-12-16 18:42:17] [SEVERE ] placing card 30 in slot 10
[2022-12-16 18:42:17] [SEVERE ] placing card 5 in slot 11
[2022-12-16 18:42:18] [SEVERE ] Key 83 was pressed by player 0
[2022-12-16 18:42:18] [SEVERE ] player 0 placing token on slot 5
[2022-12-16 18:42:29] [SEVERE ] Key 87 was pressed by player 0
[2022-12-16 18:42:29] [SEVERE ] player 0 placing token on slot 1
[2022-12-16 18:42:31] [SEVERE ] Key 69 was pressed by player 0
[2022-12-16 18:42:31] [SEVERE ] player 0 placing token on slot 2
[2022-12-16 18:42:31] [SEVERE ] setting player 0 freeze to 3000
[2022-12-16 18:42:31] [INFO   ] Thread main terminated.
