[2022-12-16 19:32:48] [INFO   ] cannot read configuration file config.properties trying from resources.
[2022-12-16 19:32:48] [INFO   ] configuration file was loaded from resources directory.
[2022-12-16 19:32:48] [INFO   ] Thread dealer starting.
[2022-12-16 19:32:48] [INFO   ] Thread Thread-0starting.
[2022-12-16 19:32:48] [INFO   ] Thread Thread-1starting.
[2022-12-16 19:32:49] [SEVERE ] placing card 67 in slot 0
[2022-12-16 19:32:49] [SEVERE ] placing card 37 in slot 1
[2022-12-16 19:32:49] [SEVERE ] placing card 17 in slot 2
[2022-12-16 19:32:49] [SEVERE ] placing card 6 in slot 3
[2022-12-16 19:32:49] [SEVERE ] placing card 75 in slot 4
[2022-12-16 19:32:49] [SEVERE ] placing card 7 in slot 5
[2022-12-16 19:32:49] [SEVERE ] placing card 24 in slot 6
[2022-12-16 19:32:49] [SEVERE ] placing card 4 in slot 7
[2022-12-16 19:32:49] [SEVERE ] placing card 47 in slot 8
[2022-12-16 19:32:50] [SEVERE ] placing card 34 in slot 9
[2022-12-16 19:32:50] [SEVERE ] placing card 8 in slot 10
[2022-12-16 19:32:50] [SEVERE ] placing card 5 in slot 11
[2022-12-16 19:32:50] [SEVERE ] Key 87 was pressed by player 0
[2022-12-16 19:32:50] [SEVERE ] player 0 placing token on slot 1
[2022-12-16 19:32:50] [SEVERE ] Key 69 was pressed by player 0
[2022-12-16 19:32:50] [SEVERE ] player 0 placing token on slot 2
[2022-12-16 19:32:51] [SEVERE ] Key 82 was pressed by player 0
[2022-12-16 19:32:51] [SEVERE ] player 0 placing token on slot 3
[2022-12-16 19:32:51] [SEVERE ] setting player 0 freeze to 3000
[2022-12-16 19:32:55] [SEVERE ] Key 82 was pressed by player 0
[2022-12-16 19:32:55] [SEVERE ] removing player 0 token from slot 3
[2022-12-16 19:32:56] [SEVERE ] Key 69 was pressed by player 0
[2022-12-16 19:32:56] [SEVERE ] removing player 0 token from slot 2
[2022-12-16 19:32:56] [SEVERE ] Key 87 was pressed by player 0
[2022-12-16 19:32:56] [SEVERE ] removing player 0 token from slot 1
[2022-12-16 19:32:58] [SEVERE ] Exit button pressed
