[2022-12-16 19:39:44] [INFO   ] cannot read configuration file config.properties trying from resources.
[2022-12-16 19:39:44] [INFO   ] configuration file was loaded from resources directory.
[2022-12-16 19:39:44] [INFO   ] Thread dealer starting.
[2022-12-16 19:39:44] [INFO   ] Thread Thread-0starting.
[2022-12-16 19:39:44] [INFO   ] Thread Thread-1starting.
[2022-12-16 19:39:45] [SEVERE ] placing card 0 in slot 0
[2022-12-16 19:39:45] [SEVERE ] placing card 14 in slot 1
[2022-12-16 19:39:45] [SEVERE ] placing card 22 in slot 2
[2022-12-16 19:39:45] [SEVERE ] placing card 46 in slot 3
[2022-12-16 19:39:45] [SEVERE ] placing card 18 in slot 4
[2022-12-16 19:39:45] [SEVERE ] placing card 62 in slot 5
[2022-12-16 19:39:45] [SEVERE ] placing card 65 in slot 6
[2022-12-16 19:39:45] [SEVERE ] placing card 2 in slot 7
[2022-12-16 19:39:45] [SEVERE ] placing card 72 in slot 8
[2022-12-16 19:39:46] [SEVERE ] placing card 38 in slot 9
[2022-12-16 19:39:46] [SEVERE ] placing card 10 in slot 10
[2022-12-16 19:39:46] [SEVERE ] placing card 1 in slot 11
[2022-12-16 19:39:57] [SEVERE ] Key 65 was pressed by player 0
[2022-12-16 19:39:57] [SEVERE ] player 0 placing token on slot 4
[2022-12-16 19:39:57] [SEVERE ] Key 69 was pressed by player 0
[2022-12-16 19:39:57] [SEVERE ] player 0 placing token on slot 2
[2022-12-16 19:39:59] [SEVERE ] Key 70 was pressed by player 0
[2022-12-16 19:39:59] [SEVERE ] player 0 placing token on slot 7
[2022-12-16 19:39:59] [SEVERE ] setting player 0 freeze to 3000
[2022-12-16 19:40:01] [SEVERE ] Key 70 was pressed by player 0
[2022-12-16 19:40:02] [SEVERE ] removing player 0 token from slot 7
[2022-12-16 19:40:02] [SEVERE ] Key 70 was pressed by player 0
[2022-12-16 19:40:02] [SEVERE ] player 0 placing token on slot 7
[2022-12-16 19:40:02] [SEVERE ] setting player 0 freeze to 3000
[2022-12-16 19:40:02] [SEVERE ] Key 70 was pressed by player 0
[2022-12-16 19:40:02] [SEVERE ] Key 70 was pressed by player 0
[2022-12-16 19:40:03] [SEVERE ] Key 70 was pressed by player 0
[2022-12-16 19:40:03] [SEVERE ] Key 70 was pressed by player 0
[2022-12-16 19:40:03] [SEVERE ] Key 70 was pressed by player 0
[2022-12-16 19:40:03] [SEVERE ] Key 70 was pressed by player 0
[2022-12-16 19:40:04] [SEVERE ] Key 70 was pressed by player 0
[2022-12-16 19:40:04] [SEVERE ] Key 70 was pressed by player 0
[2022-12-16 19:40:04] [SEVERE ] Key 70 was pressed by player 0
[2022-12-16 19:40:04] [SEVERE ] Key 70 was pressed by player 0
[2022-12-16 19:40:05] [SEVERE ] removing player 0 token from slot 7
[2022-12-16 19:40:05] [SEVERE ] player 0 placing token on slot 7
[2022-12-16 19:40:05] [SEVERE ] removing player 0 token from slot 7
[2022-12-16 19:40:05] [SEVERE ] setting player 0 freeze to 3000
[2022-12-16 19:40:05] [SEVERE ] Key 69 was pressed by player 0
[2022-12-16 19:40:06] [SEVERE ] Key 70 was pressed by player 0
[2022-12-16 19:40:08] [SEVERE ] removing player 0 token from slot 7
[2022-12-16 19:40:08] [SEVERE ] removing player 0 token from slot 2
[2022-12-16 19:40:08] [SEVERE ] player 0 placing token on slot 7
[2022-12-16 19:40:10] [SEVERE ] Key 82 was pressed by player 0
[2022-12-16 19:40:10] [SEVERE ] player 0 placing token on slot 3
[2022-12-16 19:40:10] [SEVERE ] setting player 0 freeze to 3000
[2022-12-16 19:40:10] [SEVERE ] Key 82 was pressed by player 0
[2022-12-16 19:40:11] [SEVERE ] Key 69 was pressed by player 0
[2022-12-16 19:40:13] [SEVERE ] removing player 0 token from slot 3
[2022-12-16 19:40:13] [SEVERE ] player 0 placing token on slot 2
[2022-12-16 19:40:13] [SEVERE ] setting player 0 freeze to 3000
[2022-12-16 19:40:13] [SEVERE ] Key 87 was pressed by player 0
[2022-12-16 19:40:13] [SEVERE ] Key 87 was pressed by player 0
[2022-12-16 19:40:14] [SEVERE ] Key 69 was pressed by player 0
[2022-12-16 19:40:15] [SEVERE ] Key 70 was pressed by player 0
[2022-12-16 19:40:15] [SEVERE ] Key 70 was pressed by player 0
[2022-12-16 19:40:16] [SEVERE ] player 0 placing token on slot 1
[2022-12-16 19:40:16] [SEVERE ] removing player 0 token from slot 1
[2022-12-16 19:40:16] [SEVERE ] removing player 0 token from slot 2
[2022-12-16 19:40:17] [SEVERE ] Key 65 was pressed by player 0
[2022-12-16 19:40:17] [SEVERE ] removing player 0 token from slot 4
[2022-12-16 19:40:18] [SEVERE ] Key 69 was pressed by player 0
[2022-12-16 19:40:18] [SEVERE ] player 0 placing token on slot 2
[2022-12-16 19:40:18] [SEVERE ] Key 69 was pressed by player 0
[2022-12-16 19:40:18] [SEVERE ] removing player 0 token from slot 2
[2022-12-16 19:40:19] [SEVERE ] Key 87 was pressed by player 0
[2022-12-16 19:40:19] [SEVERE ] player 0 placing token on slot 1
[2022-12-16 19:40:20] [SEVERE ] Key 65 was pressed by player 0
[2022-12-16 19:40:20] [SEVERE ] player 0 placing token on slot 4
[2022-12-16 19:40:20] [SEVERE ] setting player 0 freeze to 3000
[2022-12-16 19:40:23] [SEVERE ] Key 68 was pressed by player 0
[2022-12-16 19:40:23] [SEVERE ] player 0 placing token on slot 6
[2022-12-16 19:40:24] [SEVERE ] Key 70 was pressed by player 0
[2022-12-16 19:40:24] [SEVERE ] removing player 0 token from slot 7
[2022-12-16 19:40:24] [SEVERE ] Key 70 was pressed by player 0
[2022-12-16 19:40:24] [SEVERE ] player 0 placing token on slot 7
[2022-12-16 19:40:26] [SEVERE ] Key 83 was pressed by player 0
[2022-12-16 19:40:26] [SEVERE ] player 0 placing token on slot 5
[2022-12-16 19:40:27] [SEVERE ] Key 67 was pressed by player 0
[2022-12-16 19:40:27] [SEVERE ] player 0 placing token on slot 10
[2022-12-16 19:40:28] [SEVERE ] Key 90 was pressed by player 0
[2022-12-16 19:40:28] [SEVERE ] player 0 placing token on slot 8
[2022-12-16 19:41:19] [SEVERE ] Exit button pressed
