[2022-12-16 21:33:07] [INFO   ] cannot read configuration file config.properties trying from resources.
[2022-12-16 21:33:07] [INFO   ] configuration file was loaded from resources directory.
[2022-12-16 21:33:07] [INFO   ] Thread dealer starting.
[2022-12-16 21:33:07] [INFO   ] Thread Thread-0starting.
[2022-12-16 21:33:07] [INFO   ] Thread Thread-1starting.
[2022-12-16 21:33:07] [SEVERE ] placing card 26 in slot 0
[2022-12-16 21:33:08] [SEVERE ] placing card 55 in slot 1
[2022-12-16 21:33:08] [SEVERE ] placing card 24 in slot 2
[2022-12-16 21:33:08] [SEVERE ] placing card 15 in slot 3
[2022-12-16 21:33:08] [SEVERE ] placing card 59 in slot 4
[2022-12-16 21:33:08] [SEVERE ] placing card 61 in slot 5
[2022-12-16 21:33:08] [SEVERE ] placing card 36 in slot 6
[2022-12-16 21:33:08] [SEVERE ] placing card 58 in slot 7
[2022-12-16 21:33:08] [SEVERE ] placing card 73 in slot 8
[2022-12-16 21:33:08] [SEVERE ] placing card 14 in slot 9
[2022-12-16 21:33:09] [SEVERE ] placing card 7 in slot 10
[2022-12-16 21:33:09] [SEVERE ] placing card 60 in slot 11
[2022-12-16 21:33:14] [SEVERE ] Key 69 was pressed by player 0
[2022-12-16 21:33:14] [SEVERE ] player 0 placing token on slot 2
[2022-12-16 21:33:14] [SEVERE ] Key 68 was pressed by player 0
[2022-12-16 21:33:14] [SEVERE ] player 0 placing token on slot 6
[2022-12-16 21:33:16] [SEVERE ] Key 86 was pressed by player 0
[2022-12-16 21:33:16] [SEVERE ] player 0 placing token on slot 11
[2022-12-16 21:33:16] [SEVERE ] setting player 0 freeze to 3000
[2022-12-16 21:33:19] [SEVERE ] removing player 0 token from slot 2
[2022-12-16 21:33:19] [SEVERE ] removing player 0 token from slot 6
[2022-12-16 21:33:19] [SEVERE ] removing player 0 token from slot 11
[2022-12-16 21:33:23] [SEVERE ] Key 82 was pressed by player 0
[2022-12-16 21:33:23] [SEVERE ] player 0 placing token on slot 3
[2022-12-16 21:33:23] [SEVERE ] Key 69 was pressed by player 0
[2022-12-16 21:33:23] [SEVERE ] player 0 placing token on slot 2
[2022-12-16 21:33:26] [SEVERE ] Key 69 was pressed by player 0
[2022-12-16 21:33:26] [SEVERE ] removing player 0 token from slot 2
[2022-12-16 21:33:27] [SEVERE ] Key 82 was pressed by player 0
[2022-12-16 21:33:27] [SEVERE ] removing player 0 token from slot 3
[2022-12-16 21:33:43] [SEVERE ] Key 87 was pressed by player 0
[2022-12-16 21:33:43] [SEVERE ] player 0 placing token on slot 1
[2022-12-16 21:33:43] [SEVERE ] Key 65 was pressed by player 0
[2022-12-16 21:33:43] [SEVERE ] player 0 placing token on slot 4
[2022-12-16 21:33:45] [SEVERE ] Key 86 was pressed by player 0
[2022-12-16 21:33:45] [SEVERE ] player 0 placing token on slot 11
[2022-12-16 21:33:52] [SEVERE ] Exit button pressed
