[2022-12-16 20:07:24] [INFO   ] cannot read configuration file config.properties trying from resources.
[2022-12-16 20:07:24] [INFO   ] configuration file was loaded from resources directory.
[2022-12-16 20:07:24] [INFO   ] Thread dealer starting.
[2022-12-16 20:07:24] [INFO   ] Thread Thread-0starting.
[2022-12-16 20:07:24] [INFO   ] Thread Thread-1starting.
[2022-12-16 20:07:25] [SEVERE ] placing card 5 in slot 0
[2022-12-16 20:07:25] [SEVERE ] placing card 71 in slot 1
[2022-12-16 20:07:25] [SEVERE ] placing card 26 in slot 2
[2022-12-16 20:07:25] [SEVERE ] placing card 69 in slot 3
[2022-12-16 20:07:25] [SEVERE ] placing card 12 in slot 4
[2022-12-16 20:07:25] [SEVERE ] placing card 55 in slot 5
[2022-12-16 20:07:25] [SEVERE ] placing card 68 in slot 6
[2022-12-16 20:07:25] [SEVERE ] placing card 31 in slot 7
[2022-12-16 20:07:25] [SEVERE ] placing card 13 in slot 8
[2022-12-16 20:07:26] [SEVERE ] placing card 7 in slot 9
[2022-12-16 20:07:26] [SEVERE ] placing card 77 in slot 10
[2022-12-16 20:07:26] [SEVERE ] placing card 58 in slot 11
[2022-12-16 20:07:26] [SEVERE ] Key 87 was pressed by player 0
[2022-12-16 20:07:26] [SEVERE ] player 0 placing token on slot 1
[2022-12-16 20:07:26] [SEVERE ] Key 69 was pressed by player 0
[2022-12-16 20:07:26] [SEVERE ] player 0 placing token on slot 2
[2022-12-16 20:07:26] [SEVERE ] Key 82 was pressed by player 0
[2022-12-16 20:07:26] [SEVERE ] player 0 placing token on slot 3
[2022-12-16 20:07:26] [SEVERE ] setting player 0 freeze to 3000
