[2022-12-16 19:58:20] [INFO   ] cannot read configuration file config.properties trying from resources.
[2022-12-16 19:58:20] [INFO   ] configuration file was loaded from resources directory.
[2022-12-16 19:58:21] [INFO   ] Thread dealer starting.
[2022-12-16 19:58:21] [INFO   ] Thread Thread-0starting.
[2022-12-16 19:58:21] [INFO   ] Thread Thread-1starting.
[2022-12-16 19:58:21] [SEVERE ] placing card 8 in slot 0
[2022-12-16 19:58:21] [SEVERE ] placing card 51 in slot 1
[2022-12-16 19:58:21] [SEVERE ] placing card 29 in slot 2
[2022-12-16 19:58:21] [SEVERE ] placing card 0 in slot 3
[2022-12-16 19:58:21] [SEVERE ] placing card 26 in slot 4
[2022-12-16 19:58:21] [SEVERE ] placing card 55 in slot 5
[2022-12-16 19:58:22] [SEVERE ] placing card 16 in slot 6
[2022-12-16 19:58:22] [SEVERE ] placing card 75 in slot 7
[2022-12-16 19:58:22] [SEVERE ] placing card 7 in slot 8
[2022-12-16 19:58:22] [SEVERE ] placing card 12 in slot 9
[2022-12-16 19:58:22] [SEVERE ] placing card 10 in slot 10
[2022-12-16 19:58:22] [SEVERE ] placing card 5 in slot 11
[2022-12-16 19:58:23] [SEVERE ] Key 87 was pressed by player 0
[2022-12-16 19:58:23] [SEVERE ] player 0 placing token on slot 1
[2022-12-16 19:58:23] [SEVERE ] Key 69 was pressed by player 0
[2022-12-16 19:58:23] [SEVERE ] player 0 placing token on slot 2
[2022-12-16 19:58:25] [SEVERE ] Key 70 was pressed by player 0
[2022-12-16 19:58:25] [SEVERE ] player 0 placing token on slot 7
[2022-12-16 19:58:25] [SEVERE ] setting player 0 freeze to 3000
