[2022-12-16 22:10:33] [INFO   ] cannot read configuration file config.properties trying from resources.
[2022-12-16 22:10:33] [INFO   ] configuration file was loaded from resources directory.
[2022-12-16 22:10:33] [INFO   ] Thread dealer starting.
[2022-12-16 22:10:33] [INFO   ] Thread Thread-0starting.
[2022-12-16 22:10:33] [INFO   ] Thread Thread-1starting.
[2022-12-16 22:10:33] [SEVERE ] placing card 37 in slot 0
[2022-12-16 22:10:33] [SEVERE ] placing card 54 in slot 1
[2022-12-16 22:10:34] [SEVERE ] placing card 65 in slot 2
[2022-12-16 22:10:34] [SEVERE ] placing card 53 in slot 3
[2022-12-16 22:10:34] [SEVERE ] placing card 7 in slot 4
[2022-12-16 22:10:34] [SEVERE ] placing card 15 in slot 5
[2022-12-16 22:10:34] [SEVERE ] placing card 58 in slot 6
[2022-12-16 22:10:34] [SEVERE ] placing card 70 in slot 7
[2022-12-16 22:10:34] [SEVERE ] placing card 42 in slot 8
[2022-12-16 22:10:34] [SEVERE ] placing card 72 in slot 9
[2022-12-16 22:10:34] [SEVERE ] placing card 76 in slot 10
[2022-12-16 22:10:35] [SEVERE ] placing card 14 in slot 11
[2022-12-16 22:10:45] [SEVERE ] Key 65 was pressed by player 0
[2022-12-16 22:10:45] [SEVERE ] player 0 placing token on slot 4
[2022-12-16 22:10:46] [SEVERE ] Key 81 was pressed by player 0
[2022-12-16 22:10:46] [SEVERE ] player 0 placing token on slot 0
[2022-12-16 22:10:50] [SEVERE ] Key 67 was pressed by player 0
[2022-12-16 22:10:50] [SEVERE ] player 0 placing token on slot 10
[2022-12-16 22:10:50] [SEVERE ] setting player 0 score to 1
[2022-12-16 22:10:50] [SEVERE ] setting player 0 freeze to 1000
[2022-12-16 22:10:51] [SEVERE ] removing player 0 token from slot 0
[2022-12-16 22:10:51] [SEVERE ] removing player 0 token from slot 4
[2022-12-16 22:10:51] [SEVERE ] removing player 0 token from slot 10
[2022-12-16 22:10:51] [SEVERE ] removing card from slot 0
[2022-12-16 22:10:51] [SEVERE ] removing card from slot 4
[2022-12-16 22:10:51] [SEVERE ] removing card from slot 10
[2022-12-16 22:10:51] [SEVERE ] placing card 3 in slot 0
[2022-12-16 22:10:52] [SEVERE ] placing card 46 in slot 4
[2022-12-16 22:10:52] [SEVERE ] placing card 59 in slot 10
[2022-12-16 22:11:18] [SEVERE ] Key 88 was pressed by player 0
[2022-12-16 22:11:18] [SEVERE ] player 0 placing token on slot 9
[2022-12-16 22:11:18] [SEVERE ] Key 67 was pressed by player 0
[2022-12-16 22:11:18] [SEVERE ] player 0 placing token on slot 10
[2022-12-16 22:11:19] [SEVERE ] Key 70 was pressed by player 0
[2022-12-16 22:11:19] [SEVERE ] player 0 placing token on slot 7
